<?xml version="1.0" encoding="UTF-8"?>
<testsuite xmlns:xsi="http://www.w3.org/2001/XMLSchema-instance" xsi:noNamespaceSchemaLocation="https://maven.apache.org/surefire/maven-surefire-plugin/xsd/surefire-test-report.xsd" name="TestSuite" time="767.144" tests="27" errors="0" skipped="0" failures="8">
  <properties>
    <property name="sun.desktop" value="windows"/>
    <property name="awt.toolkit" value="sun.awt.windows.WToolkit"/>
    <property name="file.encoding.pkg" value="sun.io"/>
    <property name="java.specification.version" value="1.8"/>
    <property name="sun.cpu.isalist" value="pentium_pro+mmx pentium_pro pentium+mmx pentium i486 i386 i86"/>
    <property name="sun.jnu.encoding" value="GBK"/>
    <property name="java.class.path" value="D:\eclipse\web_auto_bj12366\target\test-classes;D:\eclipse\web_auto_bj12366\target\classes;D:\java\maven\com\alibaba\fastjson\1.2.44\fastjson-1.2.44.jar;D:\java\maven\com\oracle\ojdbc6\11.2.0.1.0\ojdbc6-11.2.0.1.0.jar;D:\java\maven\org\seleniumhq\selenium\selenium-java\2.53.1\selenium-java-2.53.1.jar;D:\java\maven\org\seleniumhq\selenium\selenium-chrome-driver\2.53.1\selenium-chrome-driver-2.53.1.jar;D:\java\maven\org\seleniumhq\selenium\selenium-remote-driver\2.53.1\selenium-remote-driver-2.53.1.jar;D:\java\maven\cglib\cglib-nodep\2.1_3\cglib-nodep-2.1_3.jar;D:\java\maven\com\google\code\gson\gson\2.3.1\gson-2.3.1.jar;D:\java\maven\org\seleniumhq\selenium\selenium-api\2.53.1\selenium-api-2.53.1.jar;D:\java\maven\org\apache\httpcomponents\httpclient\4.5.1\httpclient-4.5.1.jar;D:\java\maven\org\apache\httpcomponents\httpcore\4.4.3\httpcore-4.4.3.jar;D:\java\maven\com\google\guava\guava\19.0\guava-19.0.jar;D:\java\maven\org\seleniumhq\selenium\selenium-edge-driver\2.53.1\selenium-edge-driver-2.53.1.jar;D:\java\maven\commons-io\commons-io\2.4\commons-io-2.4.jar;D:\java\maven\org\apache\commons\commons-exec\1.3\commons-exec-1.3.jar;D:\java\maven\org\seleniumhq\selenium\htmlunit-driver\2.21\htmlunit-driver-2.21.jar;D:\java\maven\net\sourceforge\htmlunit\htmlunit\2.21\htmlunit-2.21.jar;D:\java\maven\xalan\xalan\2.7.2\xalan-2.7.2.jar;D:\java\maven\xalan\serializer\2.7.2\serializer-2.7.2.jar;D:\java\maven\org\apache\commons\commons-lang3\3.4\commons-lang3-3.4.jar;D:\java\maven\org\apache\httpcomponents\httpmime\4.5.2\httpmime-4.5.2.jar;D:\java\maven\net\sourceforge\htmlunit\htmlunit-core-js\2.17\htmlunit-core-js-2.17.jar;D:\java\maven\net\sourceforge\htmlunit\neko-htmlunit\2.21\neko-htmlunit-2.21.jar;D:\java\maven\xerces\xercesImpl\2.11.0\xercesImpl-2.11.0.jar;D:\java\maven\net\sourceforge\cssparser\cssparser\0.9.18\cssparser-0.9.18.jar;D:\java\maven\org\w3c\css\sac\1.3\sac-1.3.jar;D:\java\maven\commons-logging\commons-logging\1.2\commons-logging-1.2.jar;D:\java\maven\org\eclipse\jetty\websocket\websocket-client\9.2.15.v20160210\websocket-client-9.2.15.v20160210.jar;D:\java\maven\org\eclipse\jetty\jetty-util\9.2.15.v20160210\jetty-util-9.2.15.v20160210.jar;D:\java\maven\org\eclipse\jetty\jetty-io\9.2.15.v20160210\jetty-io-9.2.15.v20160210.jar;D:\java\maven\org\eclipse\jetty\websocket\websocket-common\9.2.15.v20160210\websocket-common-9.2.15.v20160210.jar;D:\java\maven\org\eclipse\jetty\websocket\websocket-api\9.2.15.v20160210\websocket-api-9.2.15.v20160210.jar;D:\java\maven\commons-collections\commons-collections\3.2.2\commons-collections-3.2.2.jar;D:\java\maven\org\seleniumhq\selenium\selenium-firefox-driver\2.53.1\selenium-firefox-driver-2.53.1.jar;D:\java\maven\org\seleniumhq\selenium\selenium-ie-driver\2.53.1\selenium-ie-driver-2.53.1.jar;D:\java\maven\net\java\dev\jna\jna\4.1.0\jna-4.1.0.jar;D:\java\maven\net\java\dev\jna\jna-platform\4.1.0\jna-platform-4.1.0.jar;D:\java\maven\org\seleniumhq\selenium\selenium-safari-driver\2.53.1\selenium-safari-driver-2.53.1.jar;D:\java\maven\io\netty\netty\3.5.7.Final\netty-3.5.7.Final.jar;D:\java\maven\org\seleniumhq\selenium\selenium-support\2.53.1\selenium-support-2.53.1.jar;D:\java\maven\org\seleniumhq\selenium\selenium-leg-rc\2.53.1\selenium-leg-rc-2.53.1.jar;D:\java\maven\log4j\log4j\1.2.17\log4j-1.2.17.jar;D:\java\maven\org\testng\testng\6.8.8\testng-6.8.8.jar;D:\java\maven\org\beanshell\bsh\2.0b4\bsh-2.0b4.jar;D:\java\maven\com\beust\jcommander\1.27\jcommander-1.27.jar;D:\java\maven\org\apache\poi\poi-ooxml\3.17\poi-ooxml-3.17.jar;D:\java\maven\org\apache\poi\poi\3.17\poi-3.17.jar;D:\java\maven\commons-codec\commons-codec\1.10\commons-codec-1.10.jar;D:\java\maven\org\apache\commons\commons-collections4\4.1\commons-collections4-4.1.jar;D:\java\maven\org\apache\poi\poi-ooxml-schemas\3.17\poi-ooxml-schemas-3.17.jar;D:\java\maven\org\apache\xmlbeans\xmlbeans\2.6.0\xmlbeans-2.6.0.jar;D:\java\maven\stax\stax-api\1.0.1\stax-api-1.0.1.jar;D:\java\maven\com\github\virtuald\curvesapi\1.04\curvesapi-1.04.jar;D:\java\maven\xml-apis\xml-apis\1.4.01\xml-apis-1.4.01.jar;D:\java\maven\dom4j\dom4j\1.6.1\dom4j-1.6.1.jar;D:\java\maven\io\qameta\allure\allure-testng\2.12.1\allure-testng-2.12.1.jar;D:\java\maven\io\qameta\allure\allure-java-commons\2.12.1\allure-java-commons-2.12.1.jar;D:\java\maven\io\qameta\allure\allure-model\2.12.1\allure-model-2.12.1.jar;D:\java\maven\org\slf4j\slf4j-api\1.7.25\slf4j-api-1.7.25.jar;D:\java\maven\com\fasterxml\jackson\core\jackson-databind\2.9.8\jackson-databind-2.9.8.jar;D:\java\maven\com\fasterxml\jackson\core\jackson-annotations\2.9.0\jackson-annotations-2.9.0.jar;D:\java\maven\com\fasterxml\jackson\core\jackson-core\2.9.8\jackson-core-2.9.8.jar;D:\java\maven\org\apache\tika\tika-core\1.20\tika-core-1.20.jar;D:\java\maven\org\jooq\joor-java-8\0.9.10\joor-java-8-0.9.10.jar;"/>
    <property name="java.vm.vendor" value="Oracle Corporation"/>
    <property name="sun.arch.data.model" value="32"/>
    <property name="user.variant" value=""/>
    <property name="java.vendor.url" value="http://java.oracle.com/"/>
    <property name="user.timezone" value="Asia/Shanghai"/>
    <property name="java.vm.specification.version" value="1.8"/>
    <property name="os.name" value="Windows 7"/>
    <property name="user.country" value="CN"/>
    <property name="sun.java.launcher" value="SUN_STANDARD"/>
    <property name="sun.boot.library.path" value="C:\Program Files\Java\jdk1.8.0_181\jre\bin"/>
    <property name="sun.java.command" value="C:\Users\ADMINI~1\AppData\Local\Temp\surefire6917887244856208271\surefirebooter1071437469877587137.jar C:\Users\Administrator\AppData\Local\Temp\surefire6917887244856208271 2020-03-31T16-31-29_232-jvmRun1 surefire3901432424438397621tmp surefire_07856888965358780938tmp"/>
    <property name="surefire.test.class.path" value="D:\eclipse\web_auto_bj12366\target\test-classes;D:\eclipse\web_auto_bj12366\target\classes;D:\java\maven\com\alibaba\fastjson\1.2.44\fastjson-1.2.44.jar;D:\java\maven\com\oracle\ojdbc6\11.2.0.1.0\ojdbc6-11.2.0.1.0.jar;D:\java\maven\org\seleniumhq\selenium\selenium-java\2.53.1\selenium-java-2.53.1.jar;D:\java\maven\org\seleniumhq\selenium\selenium-chrome-driver\2.53.1\selenium-chrome-driver-2.53.1.jar;D:\java\maven\org\seleniumhq\selenium\selenium-remote-driver\2.53.1\selenium-remote-driver-2.53.1.jar;D:\java\maven\cglib\cglib-nodep\2.1_3\cglib-nodep-2.1_3.jar;D:\java\maven\com\google\code\gson\gson\2.3.1\gson-2.3.1.jar;D:\java\maven\org\seleniumhq\selenium\selenium-api\2.53.1\selenium-api-2.53.1.jar;D:\java\maven\org\apache\httpcomponents\httpclient\4.5.1\httpclient-4.5.1.jar;D:\java\maven\org\apache\httpcomponents\httpcore\4.4.3\httpcore-4.4.3.jar;D:\java\maven\com\google\guava\guava\19.0\guava-19.0.jar;D:\java\maven\org\seleniumhq\selenium\selenium-edge-driver\2.53.1\selenium-edge-driver-2.53.1.jar;D:\java\maven\commons-io\commons-io\2.4\commons-io-2.4.jar;D:\java\maven\org\apache\commons\commons-exec\1.3\commons-exec-1.3.jar;D:\java\maven\org\seleniumhq\selenium\htmlunit-driver\2.21\htmlunit-driver-2.21.jar;D:\java\maven\net\sourceforge\htmlunit\htmlunit\2.21\htmlunit-2.21.jar;D:\java\maven\xalan\xalan\2.7.2\xalan-2.7.2.jar;D:\java\maven\xalan\serializer\2.7.2\serializer-2.7.2.jar;D:\java\maven\org\apache\commons\commons-lang3\3.4\commons-lang3-3.4.jar;D:\java\maven\org\apache\httpcomponents\httpmime\4.5.2\httpmime-4.5.2.jar;D:\java\maven\net\sourceforge\htmlunit\htmlunit-core-js\2.17\htmlunit-core-js-2.17.jar;D:\java\maven\net\sourceforge\htmlunit\neko-htmlunit\2.21\neko-htmlunit-2.21.jar;D:\java\maven\xerces\xercesImpl\2.11.0\xercesImpl-2.11.0.jar;D:\java\maven\net\sourceforge\cssparser\cssparser\0.9.18\cssparser-0.9.18.jar;D:\java\maven\org\w3c\css\sac\1.3\sac-1.3.jar;D:\java\maven\commons-logging\commons-logging\1.2\commons-logging-1.2.jar;D:\java\maven\org\eclipse\jetty\websocket\websocket-client\9.2.15.v20160210\websocket-client-9.2.15.v20160210.jar;D:\java\maven\org\eclipse\jetty\jetty-util\9.2.15.v20160210\jetty-util-9.2.15.v20160210.jar;D:\java\maven\org\eclipse\jetty\jetty-io\9.2.15.v20160210\jetty-io-9.2.15.v20160210.jar;D:\java\maven\org\eclipse\jetty\websocket\websocket-common\9.2.15.v20160210\websocket-common-9.2.15.v20160210.jar;D:\java\maven\org\eclipse\jetty\websocket\websocket-api\9.2.15.v20160210\websocket-api-9.2.15.v20160210.jar;D:\java\maven\commons-collections\commons-collections\3.2.2\commons-collections-3.2.2.jar;D:\java\maven\org\seleniumhq\selenium\selenium-firefox-driver\2.53.1\selenium-firefox-driver-2.53.1.jar;D:\java\maven\org\seleniumhq\selenium\selenium-ie-driver\2.53.1\selenium-ie-driver-2.53.1.jar;D:\java\maven\net\java\dev\jna\jna\4.1.0\jna-4.1.0.jar;D:\java\maven\net\java\dev\jna\jna-platform\4.1.0\jna-platform-4.1.0.jar;D:\java\maven\org\seleniumhq\selenium\selenium-safari-driver\2.53.1\selenium-safari-driver-2.53.1.jar;D:\java\maven\io\netty\netty\3.5.7.Final\netty-3.5.7.Final.jar;D:\java\maven\org\seleniumhq\selenium\selenium-support\2.53.1\selenium-support-2.53.1.jar;D:\java\maven\org\seleniumhq\selenium\selenium-leg-rc\2.53.1\selenium-leg-rc-2.53.1.jar;D:\java\maven\log4j\log4j\1.2.17\log4j-1.2.17.jar;D:\java\maven\org\testng\testng\6.8.8\testng-6.8.8.jar;D:\java\maven\org\beanshell\bsh\2.0b4\bsh-2.0b4.jar;D:\java\maven\com\beust\jcommander\1.27\jcommander-1.27.jar;D:\java\maven\org\apache\poi\poi-ooxml\3.17\poi-ooxml-3.17.jar;D:\java\maven\org\apache\poi\poi\3.17\poi-3.17.jar;D:\java\maven\commons-codec\commons-codec\1.10\commons-codec-1.10.jar;D:\java\maven\org\apache\commons\commons-collections4\4.1\commons-collections4-4.1.jar;D:\java\maven\org\apache\poi\poi-ooxml-schemas\3.17\poi-ooxml-schemas-3.17.jar;D:\java\maven\org\apache\xmlbeans\xmlbeans\2.6.0\xmlbeans-2.6.0.jar;D:\java\maven\stax\stax-api\1.0.1\stax-api-1.0.1.jar;D:\java\maven\com\github\virtuald\curvesapi\1.04\curvesapi-1.04.jar;D:\java\maven\xml-apis\xml-apis\1.4.01\xml-apis-1.4.01.jar;D:\java\maven\dom4j\dom4j\1.6.1\dom4j-1.6.1.jar;D:\java\maven\io\qameta\allure\allure-testng\2.12.1\allure-testng-2.12.1.jar;D:\java\maven\io\qameta\allure\allure-java-commons\2.12.1\allure-java-commons-2.12.1.jar;D:\java\maven\io\qameta\allure\allure-model\2.12.1\allure-model-2.12.1.jar;D:\java\maven\org\slf4j\slf4j-api\1.7.25\slf4j-api-1.7.25.jar;D:\java\maven\com\fasterxml\jackson\core\jackson-databind\2.9.8\jackson-databind-2.9.8.jar;D:\java\maven\com\fasterxml\jackson\core\jackson-annotations\2.9.0\jackson-annotations-2.9.0.jar;D:\java\maven\com\fasterxml\jackson\core\jackson-core\2.9.8\jackson-core-2.9.8.jar;D:\java\maven\org\apache\tika\tika-core\1.20\tika-core-1.20.jar;D:\java\maven\org\jooq\joor-java-8\0.9.10\joor-java-8-0.9.10.jar;"/>
    <property name="sun.cpu.endian" value="little"/>
    <property name="user.home" value="C:\Users\Administrator"/>
    <property name="user.language" value="zh"/>
    <property name="java.specification.vendor" value="Oracle Corporation"/>
    <property name="java.home" value="C:\Program Files\Java\jdk1.8.0_181\jre"/>
    <property name="basedir" value="D:\eclipse\web_auto_bj12366"/>
    <property name="file.separator" value="\"/>
    <property name="line.separator" value="&#10;"/>
    <property name="java.vm.specification.vendor" value="Oracle Corporation"/>
    <property name="java.specification.name" value="Java Platform API Specification"/>
    <property name="java.awt.graphicsenv" value="sun.awt.Win32GraphicsEnvironment"/>
    <property name="surefire.real.class.path" value="C:\Users\ADMINI~1\AppData\Local\Temp\surefire6917887244856208271\surefirebooter1071437469877587137.jar;D:\java\maven/org/aspectj/aspectjweaver/1.8.10/aspectjweaver-1.8.10.jar"/>
    <property name="sun.boot.class.path" value="C:\Program Files\Java\jdk1.8.0_181\jre\lib\resources.jar;C:\Program Files\Java\jdk1.8.0_181\jre\lib\rt.jar;C:\Program Files\Java\jdk1.8.0_181\jre\lib\sunrsasign.jar;C:\Program Files\Java\jdk1.8.0_181\jre\lib\jsse.jar;C:\Program Files\Java\jdk1.8.0_181\jre\lib\jce.jar;C:\Program Files\Java\jdk1.8.0_181\jre\lib\charsets.jar;C:\Program Files\Java\jdk1.8.0_181\jre\lib\jfr.jar;C:\Program Files\Java\jdk1.8.0_181\jre\classes"/>
    <property name="user.script" value=""/>
    <property name="sun.management.compiler" value="HotSpot Client Compiler"/>
    <property name="java.runtime.version" value="1.8.0_181-b13"/>
    <property name="user.name" value="Administrator"/>
    <property name="path.separator" value=";"/>
    <property name="os.version" value="6.1"/>
    <property name="java.endorsed.dirs" value="C:\Program Files\Java\jdk1.8.0_181\jre\lib\endorsed"/>
    <property name="java.runtime.name" value="Java(TM) SE Runtime Environment"/>
    <property name="file.encoding" value="GBK"/>
    <property name="java.vm.name" value="Java HotSpot(TM) Client VM"/>
    <property name="localRepository" value="D:\java\maven"/>
    <property name="java.vendor.url.bug" value="http://bugreport.sun.com/bugreport/"/>
    <property name="java.io.tmpdir" value="C:\Users\ADMINI~1\AppData\Local\Temp\"/>
    <property name="java.version" value="1.8.0_181"/>
    <property name="user.dir" value="D:\eclipse\web_auto_bj12366"/>
    <property name="os.arch" value="x86"/>
    <property name="java.vm.specification.name" value="Java Virtual Machine Specification"/>
    <property name="java.awt.printerjob" value="sun.awt.windows.WPrinterJob"/>
    <property name="sun.os.patch.level" value="Service Pack 1"/>
    <property name="java.library.path" value="C:\Program Files\Java\jdk1.8.0_181\jre\bin;C:\windows\Sun\Java\bin;C:\windows\system32;C:\windows;C:\Program Files\Common Files\Oracle\Java\javapath;C:\ProgramData\Oracle\Java\javapath;D:\app\Administrator\product\11.2.0\client_1\bin;C:\Program Files\Common Files\NetSarang;C:\windows\system32;C:\windows;C:\windows\System32\Wbem;C:\windows\System32\WindowsPowerShell\v1.0\;C:\strawberry\c\bin;C:\strawberry\perl\bin;D:\Program Files\apache-maven-3.6.1\bin;D:\Program Files\android-sdk-windows-appium\platform-tools;D:\Program Files\android-sdk-windows-appium\tools;D:\Program Files\svnServer\bin;C:\Program Files\TortoiseSVN\bin;D:\Program Files\Git\cmd;C:\Users\Administrator\Fiddler;D:\fiddler;D:\Program Files\allure-2.12.1\bin;."/>
    <property name="java.vm.info" value="mixed mode"/>
    <property name="java.vendor" value="Oracle Corporation"/>
    <property name="java.vm.version" value="25.181-b13"/>
    <property name="java.ext.dirs" value="C:\Program Files\Java\jdk1.8.0_181\jre\lib\ext;C:\windows\Sun\Java\lib\ext"/>
    <property name="sun.io.unicode.encoding" value="UnicodeLittle"/>
    <property name="java.class.version" value="52.0"/>
  </properties>
  <testcase name="ywsl_xcsl_save_cxSave_failure_test_case" classname="testcase.ywsl.xcsl.save.cxSave.CxSaveTester" time="29.978"/>
  <testcase name="ywsl_xcsl_save_cxSave_failure_test_case" classname="testcase.ywsl.xcsl.save.cxSave.CxSaveTester" time="32.283">
    <failure message="Timed out after 5 seconds waiting for base.BaseTester$4@1601832&#10;Build info: version: &apos;2.53.1&apos;, revision: &apos;a36b8b1cd5757287168e54b817830adce9b0158d&apos;, time: &apos;2016-06-30 19:26:09&apos;&#10;System info: host: &apos;PC201703061101&apos;, ip: &apos;192.168.8.75&apos;, os.name: &apos;Windows 7&apos;, os.arch: &apos;x86&apos;, os.version: &apos;6.1&apos;, java.version: &apos;1.8.0_181&apos;&#10;Driver info: org.openqa.selenium.chrome.ChromeDriver&#10;Capabilities [{mobileEmulationEnabled=false, timeouts={implicit=0, pageLoad=300000, script=30000}, hasTouchScreen=false, platform=XP, acceptSslCerts=false, goog:chromeOptions={debuggerAddress=localhost:28666}, acceptInsecureCerts=false, webStorageEnabled=true, browserName=chrome, takesScreenshot=true, javascriptEnabled=true, setWindowRect=true, unexpectedAlertBehaviour=ignore, applicationCacheEnabled=false, rotatable=false, networkConnectionEnabled=false, chrome={chromedriverVersion=79.0.3945.36 (3582db32b33893869b8c1339e8f4d9ed1816f143-refs/branch-heads/3945@{#614}), userDataDir=C:\Users\ADMINI~1\AppData\Local\Temp\scoped_dir12272_722766244}, takesHeapSnapshot=true, pageLoadStrategy=normal, strictFileInteractability=false, databaseEnabled=false, handlesAlerts=true, version=79.0.3945.117, browserConnectionEnabled=false, proxy={}, nativeEvents=true, locationContextEnabled=true, cssSelectorsEnabled=true}]&#10;Session ID: 019fa8df6888836938fa42ac6f16cc66" type="org.openqa.selenium.TimeoutException">org.openqa.selenium.TimeoutException: 
Timed out after 5 seconds waiting for base.BaseTester$4@1601832
Build info: version: '2.53.1', revision: 'a36b8b1cd5757287168e54b817830adce9b0158d', time: '2016-06-30 19:26:09'
System info: host: 'PC201703061101', ip: '192.168.8.75', os.name: 'Windows 7', os.arch: 'x86', os.version: '6.1', java.version: '1.8.0_181'
Driver info: org.openqa.selenium.chrome.ChromeDriver
Capabilities [{mobileEmulationEnabled=false, timeouts={implicit=0, pageLoad=300000, script=30000}, hasTouchScreen=false, platform=XP, acceptSslCerts=false, goog:chromeOptions={debuggerAddress=localhost:28666}, acceptInsecureCerts=false, webStorageEnabled=true, browserName=chrome, takesScreenshot=true, javascriptEnabled=true, setWindowRect=true, unexpectedAlertBehaviour=ignore, applicationCacheEnabled=false, rotatable=false, networkConnectionEnabled=false, chrome={chromedriverVersion=79.0.3945.36 (3582db32b33893869b8c1339e8f4d9ed1816f143-refs/branch-heads/3945@{#614}), userDataDir=C:\Users\ADMINI~1\AppData\Local\Temp\scoped_dir12272_722766244}, takesHeapSnapshot=true, pageLoadStrategy=normal, strictFileInteractability=false, databaseEnabled=false, handlesAlerts=true, version=79.0.3945.117, browserConnectionEnabled=false, proxy={}, nativeEvents=true, locationContextEnabled=true, cssSelectorsEnabled=true}]
Session ID: 019fa8df6888836938fa42ac6f16cc66
	at testcase.ywsl.xcsl.save.cxSave.CxSaveTester.ywsl_xcsl_save_cxSave_failure_test_case(CxSaveTester.java:111)
</failure>
    <system-out><![CDATA[[INFO] 2020-03-31 16:32:14 method: base.BaseTester.switchToHandle(BaseTester.java:356)----句柄列表：[CDwindow-51EF89F8032CCAC51475ACEE71C0CB7F]
[INFO] 2020-03-31 16:32:18 method: base.BaseTester.switchToHandle(BaseTester.java:356)----句柄列表：[CDwindow-51EF89F8032CCAC51475ACEE71C0CB7F, CDwindow-A118D5FAA24155F717958801462FF23B]
[INFO] 2020-03-31 16:32:25 method: base.BaseTester.getElements(BaseTester.java:256)----得到的列表是：[[[ChromeDriver: chrome on XP (019fa8df6888836938fa42ac6f16cc66)] -> css selector: input[name='caseywdwlx']], [[ChromeDriver: chrome on XP (019fa8df6888836938fa42ac6f16cc66)] -> css selector: input[name='caseywdwlx']], [[ChromeDriver: chrome on XP (019fa8df6888836938fa42ac6f16cc66)] -> css selector: input[name='caseywdwlx']], [[ChromeDriver: chrome on XP (019fa8df6888836938fa42ac6f16cc66)] -> css selector: input[name='caseywdwlx']]]
[INFO] 2020-03-31 16:32:26 method: base.BaseTester.getElements(BaseTester.java:256)----得到的列表是：[[[ChromeDriver: chrome on XP (019fa8df6888836938fa42ac6f16cc66)] -> class name: swordselect-list-item], [[ChromeDriver: chrome on XP (019fa8df6888836938fa42ac6f16cc66)] -> class name: swordselect-list-item], [[ChromeDriver: chrome on XP (019fa8df6888836938fa42ac6f16cc66)] -> class name: swordselect-list-item], [[ChromeDriver: chrome on XP (019fa8df6888836938fa42ac6f16cc66)] -> class name: swordselect-list-item], [[ChromeDriver: chrome on XP (019fa8df6888836938fa42ac6f16cc66)] -> class name: swordselect-list-item], [[ChromeDriver: chrome on XP (019fa8df6888836938fa42ac6f16cc66)] -> class name: swordselect-list-item], [[ChromeDriver: chrome on XP (019fa8df6888836938fa42ac6f16cc66)] -> class name: swordselect-list-item], [[ChromeDriver: chrome on XP (019fa8df6888836938fa42ac6f16cc66)] -> class name: swordselect-list-item], [[ChromeDriver: chrome on XP (019fa8df6888836938fa42ac6f16cc66)] -> class name: swordselect-list-item], [[ChromeDriver: chrome on XP (019fa8df6888836938fa42ac6f16cc66)] -> class name: swordselect-list-item], [[ChromeDriver: chrome on XP (019fa8df6888836938fa42ac6f16cc66)] -> class name: swordselect-list-item], [[ChromeDriver: chrome on XP (019fa8df6888836938fa42ac6f16cc66)] -> class name: swordselect-list-item], [[ChromeDriver: chrome on XP (019fa8df6888836938fa42ac6f16cc66)] -> class name: swordselect-list-item], [[ChromeDriver: chrome on XP (019fa8df6888836938fa42ac6f16cc66)] -> class name: swordselect-list-item], [[ChromeDriver: chrome on XP (019fa8df6888836938fa42ac6f16cc66)] -> class name: swordselect-list-item], [[ChromeDriver: chrome on XP (019fa8df6888836938fa42ac6f16cc66)] -> class name: swordselect-list-item], [[ChromeDriver: chrome on XP (019fa8df6888836938fa42ac6f16cc66)] -> class name: swordselect-list-item], [[ChromeDriver: chrome on XP (019fa8df6888836938fa42ac6f16cc66)] -> class name: swordselect-list-item], [[ChromeDriver: chrome on XP (019fa8df6888836938fa42ac6f16cc66)] -> class name: swordselect-list-item], [[ChromeDriver: chrome on XP (019fa8df6888836938fa42ac6f16cc66)] -> class name: swordselect-list-item], [[ChromeDriver: chrome on XP (019fa8df6888836938fa42ac6f16cc66)] -> class name: swordselect-list-item], [[ChromeDriver: chrome on XP (019fa8df6888836938fa42ac6f16cc66)] -> class name: swordselect-list-item], [[ChromeDriver: chrome on XP (019fa8df6888836938fa42ac6f16cc66)] -> class name: swordselect-list-item], [[ChromeDriver: chrome on XP (019fa8df6888836938fa42ac6f16cc66)] -> class name: swordselect-list-item], [[ChromeDriver: chrome on XP (019fa8df6888836938fa42ac6f16cc66)] -> class name: swordselect-list-item], [[ChromeDriver: chrome on XP (019fa8df6888836938fa42ac6f16cc66)] -> class name: swordselect-list-item], [[ChromeDriver: chrome on XP (019fa8df6888836938fa42ac6f16cc66)] -> class name: swordselect-list-item], [[ChromeDriver: chrome on XP (019fa8df6888836938fa42ac6f16cc66)] -> class name: swordselect-list-item], [[ChromeDriver: chrome on XP (019fa8df6888836938fa42ac6f16cc66)] -> class name: swordselect-list-item], [[ChromeDriver: chrome on XP (019fa8df6888836938fa42ac6f16cc66)] -> class name: swordselect-list-item], [[ChromeDriver: chrome on XP (019fa8df6888836938fa42ac6f16cc66)] -> class name: swordselect-list-item], [[ChromeDriver: chrome on XP (019fa8df6888836938fa42ac6f16cc66)] -> class name: swordselect-list-item], [[ChromeDriver: chrome on XP (019fa8df6888836938fa42ac6f16cc66)] -> class name: swordselect-list-item], [[ChromeDriver: chrome on XP (019fa8df6888836938fa42ac6f16cc66)] -> class name: swordselect-list-item]]
[INFO] 2020-03-31 16:32:28 method: base.BaseTester.getElements(BaseTester.java:256)----得到的列表是：[[[ChromeDriver: chrome on XP (019fa8df6888836938fa42ac6f16cc66)] -> class name: swordselect-list-item], [[ChromeDriver: chrome on XP (019fa8df6888836938fa42ac6f16cc66)] -> class name: swordselect-list-item], [[ChromeDriver: chrome on XP (019fa8df6888836938fa42ac6f16cc66)] -> class name: swordselect-list-item], [[ChromeDriver: chrome on XP (019fa8df6888836938fa42ac6f16cc66)] -> class name: swordselect-list-item]]
[INFO] 2020-03-31 16:32:29 method: base.BaseTester.getElements(BaseTester.java:256)----得到的列表是：[[[ChromeDriver: chrome on XP (019fa8df6888836938fa42ac6f16cc66)] -> class name: swordselect-list-item], [[ChromeDriver: chrome on XP (019fa8df6888836938fa42ac6f16cc66)] -> class name: swordselect-list-item], [[ChromeDriver: chrome on XP (019fa8df6888836938fa42ac6f16cc66)] -> class name: swordselect-list-item], [[ChromeDriver: chrome on XP (019fa8df6888836938fa42ac6f16cc66)] -> class name: swordselect-list-item], [[ChromeDriver: chrome on XP (019fa8df6888836938fa42ac6f16cc66)] -> class name: swordselect-list-item], [[ChromeDriver: chrome on XP (019fa8df6888836938fa42ac6f16cc66)] -> class name: swordselect-list-item], [[ChromeDriver: chrome on XP (019fa8df6888836938fa42ac6f16cc66)] -> class name: swordselect-list-item], [[ChromeDriver: chrome on XP (019fa8df6888836938fa42ac6f16cc66)] -> class name: swordselect-list-item], [[ChromeDriver: chrome on XP (019fa8df6888836938fa42ac6f16cc66)] -> class name: swordselect-list-item], [[ChromeDriver: chrome on XP (019fa8df6888836938fa42ac6f16cc66)] -> class name: swordselect-list-item], [[ChromeDriver: chrome on XP (019fa8df6888836938fa42ac6f16cc66)] -> class name: swordselect-list-item], [[ChromeDriver: chrome on XP (019fa8df6888836938fa42ac6f16cc66)] -> class name: swordselect-list-item], [[ChromeDriver: chrome on XP (019fa8df6888836938fa42ac6f16cc66)] -> class name: swordselect-list-item], [[ChromeDriver: chrome on XP (019fa8df6888836938fa42ac6f16cc66)] -> class name: swordselect-list-item], [[ChromeDriver: chrome on XP (019fa8df6888836938fa42ac6f16cc66)] -> class name: swordselect-list-item], [[ChromeDriver: chrome on XP (019fa8df6888836938fa42ac6f16cc66)] -> class name: swordselect-list-item], [[ChromeDriver: chrome on XP (019fa8df6888836938fa42ac6f16cc66)] -> class name: swordselect-list-item], [[ChromeDriver: chrome on XP (019fa8df6888836938fa42ac6f16cc66)] -> class name: swordselect-list-item], [[ChromeDriver: chrome on XP (019fa8df6888836938fa42ac6f16cc66)] -> class name: swordselect-list-item], [[ChromeDriver: chrome on XP (019fa8df6888836938fa42ac6f16cc66)] -> class name: swordselect-list-item], [[ChromeDriver: chrome on XP (019fa8df6888836938fa42ac6f16cc66)] -> class name: swordselect-list-item], [[ChromeDriver: chrome on XP (019fa8df6888836938fa42ac6f16cc66)] -> class name: swordselect-list-item]]
[INFO] 2020-03-31 16:32:31 method: base.BaseTester.getElements(BaseTester.java:256)----得到的列表是：[[[ChromeDriver: chrome on XP (019fa8df6888836938fa42ac6f16cc66)] -> css selector: input[name='caseywlb']], [[ChromeDriver: chrome on XP (019fa8df6888836938fa42ac6f16cc66)] -> css selector: input[name='caseywlb']], [[ChromeDriver: chrome on XP (019fa8df6888836938fa42ac6f16cc66)] -> css selector: input[name='caseywlb']], [[ChromeDriver: chrome on XP (019fa8df6888836938fa42ac6f16cc66)] -> css selector: input[name='caseywlb']], [[ChromeDriver: chrome on XP (019fa8df6888836938fa42ac6f16cc66)] -> css selector: input[name='caseywlb']], [[ChromeDriver: chrome on XP (019fa8df6888836938fa42ac6f16cc66)] -> css selector: input[name='caseywlb']], [[ChromeDriver: chrome on XP (019fa8df6888836938fa42ac6f16cc66)] -> css selector: input[name='caseywlb']], [[ChromeDriver: chrome on XP (019fa8df6888836938fa42ac6f16cc66)] -> css selector: input[name='caseywlb']], [[ChromeDriver: chrome on XP (019fa8df6888836938fa42ac6f16cc66)] -> css selector: input[name='caseywlb']], [[ChromeDriver: chrome on XP (019fa8df6888836938fa42ac6f16cc66)] -> css selector: input[name='caseywlb']]]
[INFO] 2020-03-31 16:32:38 method: base.BaseTester.getElements(BaseTester.java:256)----得到的列表是：[[[ChromeDriver: chrome on XP (019fa8df6888836938fa42ac6f16cc66)] -> css selector: input[name='nsrpjdj']], [[ChromeDriver: chrome on XP (019fa8df6888836938fa42ac6f16cc66)] -> css selector: input[name='nsrpjdj']], [[ChromeDriver: chrome on XP (019fa8df6888836938fa42ac6f16cc66)] -> css selector: input[name='nsrpjdj']]]
[INFO] 2020-03-31 16:32:39 method: base.BaseTester.getElements(BaseTester.java:256)----得到的列表是：[[[ChromeDriver: chrome on XP (019fa8df6888836938fa42ac6f16cc66)] -> class name: swordselect-list-item], [[ChromeDriver: chrome on XP (019fa8df6888836938fa42ac6f16cc66)] -> class name: swordselect-list-item], [[ChromeDriver: chrome on XP (019fa8df6888836938fa42ac6f16cc66)] -> class name: swordselect-list-item], [[ChromeDriver: chrome on XP (019fa8df6888836938fa42ac6f16cc66)] -> class name: swordselect-list-item]]
[INFO] 2020-03-31 16:32:40 method: base.BaseTester.clear(BaseTester.java:171)----开始清空操作
[INFO] 2020-03-31 16:32:40 method: base.BaseTester.getElements(BaseTester.java:256)----得到的列表是：[[[ChromeDriver: chrome on XP (019fa8df6888836938fa42ac6f16cc66)] -> class name: swordselect-list-item], [[ChromeDriver: chrome on XP (019fa8df6888836938fa42ac6f16cc66)] -> class name: swordselect-list-item], [[ChromeDriver: chrome on XP (019fa8df6888836938fa42ac6f16cc66)] -> class name: swordselect-list-item]]
]]></system-out>
  </testcase>
  <testcase name="ywsl_xcsl_save_cxSave_failure_test_case" classname="testcase.ywsl.xcsl.save.cxSave.CxSaveTester" time="36.031">
    <failure message="Timed out after 5 seconds waiting for base.BaseTester$4@16195cf&#10;Build info: version: &apos;2.53.1&apos;, revision: &apos;a36b8b1cd5757287168e54b817830adce9b0158d&apos;, time: &apos;2016-06-30 19:26:09&apos;&#10;System info: host: &apos;PC201703061101&apos;, ip: &apos;192.168.8.75&apos;, os.name: &apos;Windows 7&apos;, os.arch: &apos;x86&apos;, os.version: &apos;6.1&apos;, java.version: &apos;1.8.0_181&apos;&#10;Driver info: org.openqa.selenium.chrome.ChromeDriver&#10;Capabilities [{mobileEmulationEnabled=false, timeouts={implicit=0, pageLoad=300000, script=30000}, hasTouchScreen=false, platform=XP, acceptSslCerts=false, goog:chromeOptions={debuggerAddress=localhost:28666}, acceptInsecureCerts=false, webStorageEnabled=true, browserName=chrome, takesScreenshot=true, javascriptEnabled=true, setWindowRect=true, unexpectedAlertBehaviour=ignore, applicationCacheEnabled=false, rotatable=false, networkConnectionEnabled=false, chrome={chromedriverVersion=79.0.3945.36 (3582db32b33893869b8c1339e8f4d9ed1816f143-refs/branch-heads/3945@{#614}), userDataDir=C:\Users\ADMINI~1\AppData\Local\Temp\scoped_dir12272_722766244}, takesHeapSnapshot=true, pageLoadStrategy=normal, strictFileInteractability=false, databaseEnabled=false, handlesAlerts=true, version=79.0.3945.117, browserConnectionEnabled=false, proxy={}, nativeEvents=true, locationContextEnabled=true, cssSelectorsEnabled=true}]&#10;Session ID: 019fa8df6888836938fa42ac6f16cc66" type="org.openqa.selenium.TimeoutException">org.openqa.selenium.TimeoutException: 
Timed out after 5 seconds waiting for base.BaseTester$4@16195cf
Build info: version: '2.53.1', revision: 'a36b8b1cd5757287168e54b817830adce9b0158d', time: '2016-06-30 19:26:09'
System info: host: 'PC201703061101', ip: '192.168.8.75', os.name: 'Windows 7', os.arch: 'x86', os.version: '6.1', java.version: '1.8.0_181'
Driver info: org.openqa.selenium.chrome.ChromeDriver
Capabilities [{mobileEmulationEnabled=false, timeouts={implicit=0, pageLoad=300000, script=30000}, hasTouchScreen=false, platform=XP, acceptSslCerts=false, goog:chromeOptions={debuggerAddress=localhost:28666}, acceptInsecureCerts=false, webStorageEnabled=true, browserName=chrome, takesScreenshot=true, javascriptEnabled=true, setWindowRect=true, unexpectedAlertBehaviour=ignore, applicationCacheEnabled=false, rotatable=false, networkConnectionEnabled=false, chrome={chromedriverVersion=79.0.3945.36 (3582db32b33893869b8c1339e8f4d9ed1816f143-refs/branch-heads/3945@{#614}), userDataDir=C:\Users\ADMINI~1\AppData\Local\Temp\scoped_dir12272_722766244}, takesHeapSnapshot=true, pageLoadStrategy=normal, strictFileInteractability=false, databaseEnabled=false, handlesAlerts=true, version=79.0.3945.117, browserConnectionEnabled=false, proxy={}, nativeEvents=true, locationContextEnabled=true, cssSelectorsEnabled=true}]
Session ID: 019fa8df6888836938fa42ac6f16cc66
	at testcase.ywsl.xcsl.save.cxSave.CxSaveTester.ywsl_xcsl_save_cxSave_failure_test_case(CxSaveTester.java:111)
</failure>
    <system-out><![CDATA[[INFO] 2020-03-31 16:32:48 method: base.BaseTester.switchToHandle(BaseTester.java:356)----句柄列表：[CDwindow-51EF89F8032CCAC51475ACEE71C0CB7F]
[INFO] 2020-03-31 16:32:54 method: base.BaseTester.switchToHandle(BaseTester.java:356)----句柄列表：[CDwindow-51EF89F8032CCAC51475ACEE71C0CB7F, CDwindow-E9FB7FB9143F683CA9F36B84CE59BD37]
[INFO] 2020-03-31 16:33:01 method: base.BaseTester.getElements(BaseTester.java:256)----得到的列表是：[[[ChromeDriver: chrome on XP (019fa8df6888836938fa42ac6f16cc66)] -> css selector: input[name='caseywdwlx']], [[ChromeDriver: chrome on XP (019fa8df6888836938fa42ac6f16cc66)] -> css selector: input[name='caseywdwlx']], [[ChromeDriver: chrome on XP (019fa8df6888836938fa42ac6f16cc66)] -> css selector: input[name='caseywdwlx']], [[ChromeDriver: chrome on XP (019fa8df6888836938fa42ac6f16cc66)] -> css selector: input[name='caseywdwlx']]]
[INFO] 2020-03-31 16:33:02 method: base.BaseTester.getElements(BaseTester.java:256)----得到的列表是：[[[ChromeDriver: chrome on XP (019fa8df6888836938fa42ac6f16cc66)] -> class name: swordselect-list-item], [[ChromeDriver: chrome on XP (019fa8df6888836938fa42ac6f16cc66)] -> class name: swordselect-list-item], [[ChromeDriver: chrome on XP (019fa8df6888836938fa42ac6f16cc66)] -> class name: swordselect-list-item], [[ChromeDriver: chrome on XP (019fa8df6888836938fa42ac6f16cc66)] -> class name: swordselect-list-item], [[ChromeDriver: chrome on XP (019fa8df6888836938fa42ac6f16cc66)] -> class name: swordselect-list-item], [[ChromeDriver: chrome on XP (019fa8df6888836938fa42ac6f16cc66)] -> class name: swordselect-list-item], [[ChromeDriver: chrome on XP (019fa8df6888836938fa42ac6f16cc66)] -> class name: swordselect-list-item], [[ChromeDriver: chrome on XP (019fa8df6888836938fa42ac6f16cc66)] -> class name: swordselect-list-item], [[ChromeDriver: chrome on XP (019fa8df6888836938fa42ac6f16cc66)] -> class name: swordselect-list-item], [[ChromeDriver: chrome on XP (019fa8df6888836938fa42ac6f16cc66)] -> class name: swordselect-list-item], [[ChromeDriver: chrome on XP (019fa8df6888836938fa42ac6f16cc66)] -> class name: swordselect-list-item], [[ChromeDriver: chrome on XP (019fa8df6888836938fa42ac6f16cc66)] -> class name: swordselect-list-item], [[ChromeDriver: chrome on XP (019fa8df6888836938fa42ac6f16cc66)] -> class name: swordselect-list-item], [[ChromeDriver: chrome on XP (019fa8df6888836938fa42ac6f16cc66)] -> class name: swordselect-list-item], [[ChromeDriver: chrome on XP (019fa8df6888836938fa42ac6f16cc66)] -> class name: swordselect-list-item], [[ChromeDriver: chrome on XP (019fa8df6888836938fa42ac6f16cc66)] -> class name: swordselect-list-item], [[ChromeDriver: chrome on XP (019fa8df6888836938fa42ac6f16cc66)] -> class name: swordselect-list-item], [[ChromeDriver: chrome on XP (019fa8df6888836938fa42ac6f16cc66)] -> class name: swordselect-list-item], [[ChromeDriver: chrome on XP (019fa8df6888836938fa42ac6f16cc66)] -> class name: swordselect-list-item], [[ChromeDriver: chrome on XP (019fa8df6888836938fa42ac6f16cc66)] -> class name: swordselect-list-item], [[ChromeDriver: chrome on XP (019fa8df6888836938fa42ac6f16cc66)] -> class name: swordselect-list-item], [[ChromeDriver: chrome on XP (019fa8df6888836938fa42ac6f16cc66)] -> class name: swordselect-list-item], [[ChromeDriver: chrome on XP (019fa8df6888836938fa42ac6f16cc66)] -> class name: swordselect-list-item], [[ChromeDriver: chrome on XP (019fa8df6888836938fa42ac6f16cc66)] -> class name: swordselect-list-item], [[ChromeDriver: chrome on XP (019fa8df6888836938fa42ac6f16cc66)] -> class name: swordselect-list-item], [[ChromeDriver: chrome on XP (019fa8df6888836938fa42ac6f16cc66)] -> class name: swordselect-list-item], [[ChromeDriver: chrome on XP (019fa8df6888836938fa42ac6f16cc66)] -> class name: swordselect-list-item], [[ChromeDriver: chrome on XP (019fa8df6888836938fa42ac6f16cc66)] -> class name: swordselect-list-item], [[ChromeDriver: chrome on XP (019fa8df6888836938fa42ac6f16cc66)] -> class name: swordselect-list-item], [[ChromeDriver: chrome on XP (019fa8df6888836938fa42ac6f16cc66)] -> class name: swordselect-list-item], [[ChromeDriver: chrome on XP (019fa8df6888836938fa42ac6f16cc66)] -> class name: swordselect-list-item], [[ChromeDriver: chrome on XP (019fa8df6888836938fa42ac6f16cc66)] -> class name: swordselect-list-item], [[ChromeDriver: chrome on XP (019fa8df6888836938fa42ac6f16cc66)] -> class name: swordselect-list-item], [[ChromeDriver: chrome on XP (019fa8df6888836938fa42ac6f16cc66)] -> class name: swordselect-list-item]]
[INFO] 2020-03-31 16:33:03 method: base.BaseTester.getElements(BaseTester.java:256)----得到的列表是：[[[ChromeDriver: chrome on XP (019fa8df6888836938fa42ac6f16cc66)] -> class name: swordselect-list-item], [[ChromeDriver: chrome on XP (019fa8df6888836938fa42ac6f16cc66)] -> class name: swordselect-list-item], [[ChromeDriver: chrome on XP (019fa8df6888836938fa42ac6f16cc66)] -> class name: swordselect-list-item], [[ChromeDriver: chrome on XP (019fa8df6888836938fa42ac6f16cc66)] -> class name: swordselect-list-item]]
[INFO] 2020-03-31 16:33:04 method: base.BaseTester.getElements(BaseTester.java:256)----得到的列表是：[[[ChromeDriver: chrome on XP (019fa8df6888836938fa42ac6f16cc66)] -> class name: swordselect-list-item], [[ChromeDriver: chrome on XP (019fa8df6888836938fa42ac6f16cc66)] -> class name: swordselect-list-item], [[ChromeDriver: chrome on XP (019fa8df6888836938fa42ac6f16cc66)] -> class name: swordselect-list-item], [[ChromeDriver: chrome on XP (019fa8df6888836938fa42ac6f16cc66)] -> class name: swordselect-list-item], [[ChromeDriver: chrome on XP (019fa8df6888836938fa42ac6f16cc66)] -> class name: swordselect-list-item], [[ChromeDriver: chrome on XP (019fa8df6888836938fa42ac6f16cc66)] -> class name: swordselect-list-item], [[ChromeDriver: chrome on XP (019fa8df6888836938fa42ac6f16cc66)] -> class name: swordselect-list-item], [[ChromeDriver: chrome on XP (019fa8df6888836938fa42ac6f16cc66)] -> class name: swordselect-list-item], [[ChromeDriver: chrome on XP (019fa8df6888836938fa42ac6f16cc66)] -> class name: swordselect-list-item], [[ChromeDriver: chrome on XP (019fa8df6888836938fa42ac6f16cc66)] -> class name: swordselect-list-item], [[ChromeDriver: chrome on XP (019fa8df6888836938fa42ac6f16cc66)] -> class name: swordselect-list-item], [[ChromeDriver: chrome on XP (019fa8df6888836938fa42ac6f16cc66)] -> class name: swordselect-list-item], [[ChromeDriver: chrome on XP (019fa8df6888836938fa42ac6f16cc66)] -> class name: swordselect-list-item], [[ChromeDriver: chrome on XP (019fa8df6888836938fa42ac6f16cc66)] -> class name: swordselect-list-item], [[ChromeDriver: chrome on XP (019fa8df6888836938fa42ac6f16cc66)] -> class name: swordselect-list-item], [[ChromeDriver: chrome on XP (019fa8df6888836938fa42ac6f16cc66)] -> class name: swordselect-list-item], [[ChromeDriver: chrome on XP (019fa8df6888836938fa42ac6f16cc66)] -> class name: swordselect-list-item], [[ChromeDriver: chrome on XP (019fa8df6888836938fa42ac6f16cc66)] -> class name: swordselect-list-item], [[ChromeDriver: chrome on XP (019fa8df6888836938fa42ac6f16cc66)] -> class name: swordselect-list-item], [[ChromeDriver: chrome on XP (019fa8df6888836938fa42ac6f16cc66)] -> class name: swordselect-list-item], [[ChromeDriver: chrome on XP (019fa8df6888836938fa42ac6f16cc66)] -> class name: swordselect-list-item], [[ChromeDriver: chrome on XP (019fa8df6888836938fa42ac6f16cc66)] -> class name: swordselect-list-item]]
[INFO] 2020-03-31 16:33:05 method: base.BaseTester.getElements(BaseTester.java:256)----得到的列表是：[[[ChromeDriver: chrome on XP (019fa8df6888836938fa42ac6f16cc66)] -> css selector: input[name='caseywlb']], [[ChromeDriver: chrome on XP (019fa8df6888836938fa42ac6f16cc66)] -> css selector: input[name='caseywlb']], [[ChromeDriver: chrome on XP (019fa8df6888836938fa42ac6f16cc66)] -> css selector: input[name='caseywlb']], [[ChromeDriver: chrome on XP (019fa8df6888836938fa42ac6f16cc66)] -> css selector: input[name='caseywlb']], [[ChromeDriver: chrome on XP (019fa8df6888836938fa42ac6f16cc66)] -> css selector: input[name='caseywlb']], [[ChromeDriver: chrome on XP (019fa8df6888836938fa42ac6f16cc66)] -> css selector: input[name='caseywlb']], [[ChromeDriver: chrome on XP (019fa8df6888836938fa42ac6f16cc66)] -> css selector: input[name='caseywlb']], [[ChromeDriver: chrome on XP (019fa8df6888836938fa42ac6f16cc66)] -> css selector: input[name='caseywlb']], [[ChromeDriver: chrome on XP (019fa8df6888836938fa42ac6f16cc66)] -> css selector: input[name='caseywlb']], [[ChromeDriver: chrome on XP (019fa8df6888836938fa42ac6f16cc66)] -> css selector: input[name='caseywlb']]]
[INFO] 2020-03-31 16:33:12 method: base.BaseTester.getElements(BaseTester.java:256)----得到的列表是：[[[ChromeDriver: chrome on XP (019fa8df6888836938fa42ac6f16cc66)] -> css selector: input[name='nsrpjdj']], [[ChromeDriver: chrome on XP (019fa8df6888836938fa42ac6f16cc66)] -> css selector: input[name='nsrpjdj']], [[ChromeDriver: chrome on XP (019fa8df6888836938fa42ac6f16cc66)] -> css selector: input[name='nsrpjdj']]]
[INFO] 2020-03-31 16:33:14 method: base.BaseTester.getElements(BaseTester.java:256)----得到的列表是：[[[ChromeDriver: chrome on XP (019fa8df6888836938fa42ac6f16cc66)] -> class name: swordselect-list-item], [[ChromeDriver: chrome on XP (019fa8df6888836938fa42ac6f16cc66)] -> class name: swordselect-list-item], [[ChromeDriver: chrome on XP (019fa8df6888836938fa42ac6f16cc66)] -> class name: swordselect-list-item], [[ChromeDriver: chrome on XP (019fa8df6888836938fa42ac6f16cc66)] -> class name: swordselect-list-item]]
[INFO] 2020-03-31 16:33:15 method: base.BaseTester.clear(BaseTester.java:171)----开始清空操作
[INFO] 2020-03-31 16:33:17 method: base.BaseTester.getElements(BaseTester.java:256)----得到的列表是：[[[ChromeDriver: chrome on XP (019fa8df6888836938fa42ac6f16cc66)] -> class name: swordselect-list-item], [[ChromeDriver: chrome on XP (019fa8df6888836938fa42ac6f16cc66)] -> class name: swordselect-list-item], [[ChromeDriver: chrome on XP (019fa8df6888836938fa42ac6f16cc66)] -> class name: swordselect-list-item]]
]]></system-out>
  </testcase>
  <testcase name="ywsl_xcsl_save_cxSave_success_test_case" classname="testcase.ywsl.xcsl.save.cxSave.CxSaveTester" time="27.578"/>
  <testcase name="ywsl_xcsl_save_cxSave_success_test_case" classname="testcase.ywsl.xcsl.save.cxSave.CxSaveTester" time="27.571"/>
  <testcase name="ywsl_xcsl_save_cxSave_success_test_case" classname="testcase.ywsl.xcsl.save.cxSave.CxSaveTester" time="22.882"/>
  <testcase name="ywsl_xcsl_save_zxSave_failure_test_case" classname="testcase.ywsl.xcsl.save.zxSave.ZxSaveTester" time="22.642"/>
  <testcase name="ywsl_xcsl_save_zxSave_failure_test_case" classname="testcase.ywsl.xcsl.save.zxSave.ZxSaveTester" time="21.319"/>
  <testcase name="ywsl_xcsl_save_zxSave_failure_test_case" classname="testcase.ywsl.xcsl.save.zxSave.ZxSaveTester" time="29.004"/>
  <testcase name="ywsl_xcsl_save_zxSave_failure_test_case" classname="testcase.ywsl.xcsl.save.zxSave.ZxSaveTester" time="34.59"/>
  <testcase name="ywsl_xcsl_save_zxSave_failure_test_case" classname="testcase.ywsl.xcsl.save.zxSave.ZxSaveTester" time="28.444"/>
  <testcase name="ywsl_xcsl_save_zxSave_success_test_case" classname="testcase.ywsl.xcsl.save.zxSave.ZxSaveTester" time="29.678"/>
  <testcase name="ywsl_xcsl_save_zxSave_success_test_case" classname="testcase.ywsl.xcsl.save.zxSave.ZxSaveTester" time="30.978"/>
  <testcase name="ywsl_xcsl_save_zxSave_success_test_case" classname="testcase.ywsl.xcsl.save.zxSave.ZxSaveTester" time="38.347"/>
  <testcase name="ywsl_xcsl_save_zxSave_success_test_case" classname="testcase.ywsl.xcsl.save.zxSave.ZxSaveTester" time="32.138"/>
  <testcase name="ywsl_xcsl_save_tsSave_failure_test_case" classname="testcase.ywsl.xcsl.save.tsSave.TsSaveTester" time="23.606">
    <failure message="Timed out after 5 seconds waiting for base.BaseTester$4@13bec6c&#10;Build info: version: &apos;2.53.1&apos;, revision: &apos;a36b8b1cd5757287168e54b817830adce9b0158d&apos;, time: &apos;2016-06-30 19:26:09&apos;&#10;System info: host: &apos;PC201703061101&apos;, ip: &apos;192.168.8.75&apos;, os.name: &apos;Windows 7&apos;, os.arch: &apos;x86&apos;, os.version: &apos;6.1&apos;, java.version: &apos;1.8.0_181&apos;&#10;Driver info: org.openqa.selenium.chrome.ChromeDriver&#10;Capabilities [{mobileEmulationEnabled=false, timeouts={implicit=0, pageLoad=300000, script=30000}, hasTouchScreen=false, platform=XP, acceptSslCerts=false, goog:chromeOptions={debuggerAddress=localhost:28666}, acceptInsecureCerts=false, webStorageEnabled=true, browserName=chrome, takesScreenshot=true, javascriptEnabled=true, setWindowRect=true, unexpectedAlertBehaviour=ignore, applicationCacheEnabled=false, rotatable=false, networkConnectionEnabled=false, chrome={chromedriverVersion=79.0.3945.36 (3582db32b33893869b8c1339e8f4d9ed1816f143-refs/branch-heads/3945@{#614}), userDataDir=C:\Users\ADMINI~1\AppData\Local\Temp\scoped_dir12272_722766244}, takesHeapSnapshot=true, pageLoadStrategy=normal, strictFileInteractability=false, databaseEnabled=false, handlesAlerts=true, version=79.0.3945.117, browserConnectionEnabled=false, proxy={}, nativeEvents=true, locationContextEnabled=true, cssSelectorsEnabled=true}]&#10;Session ID: 019fa8df6888836938fa42ac6f16cc66" type="org.openqa.selenium.TimeoutException">org.openqa.selenium.TimeoutException: 
Timed out after 5 seconds waiting for base.BaseTester$4@13bec6c
Build info: version: '2.53.1', revision: 'a36b8b1cd5757287168e54b817830adce9b0158d', time: '2016-06-30 19:26:09'
System info: host: 'PC201703061101', ip: '192.168.8.75', os.name: 'Windows 7', os.arch: 'x86', os.version: '6.1', java.version: '1.8.0_181'
Driver info: org.openqa.selenium.chrome.ChromeDriver
Capabilities [{mobileEmulationEnabled=false, timeouts={implicit=0, pageLoad=300000, script=30000}, hasTouchScreen=false, platform=XP, acceptSslCerts=false, goog:chromeOptions={debuggerAddress=localhost:28666}, acceptInsecureCerts=false, webStorageEnabled=true, browserName=chrome, takesScreenshot=true, javascriptEnabled=true, setWindowRect=true, unexpectedAlertBehaviour=ignore, applicationCacheEnabled=false, rotatable=false, networkConnectionEnabled=false, chrome={chromedriverVersion=79.0.3945.36 (3582db32b33893869b8c1339e8f4d9ed1816f143-refs/branch-heads/3945@{#614}), userDataDir=C:\Users\ADMINI~1\AppData\Local\Temp\scoped_dir12272_722766244}, takesHeapSnapshot=true, pageLoadStrategy=normal, strictFileInteractability=false, databaseEnabled=false, handlesAlerts=true, version=79.0.3945.117, browserConnectionEnabled=false, proxy={}, nativeEvents=true, locationContextEnabled=true, cssSelectorsEnabled=true}]
Session ID: 019fa8df6888836938fa42ac6f16cc66
	at testcase.ywsl.xcsl.save.tsSave.TsSaveTester.ywsl_xcsl_save_tsSave_failure_test_case(TsSaveTester.java:143)
</failure>
    <system-out><![CDATA[[INFO] 2020-03-31 16:39:26 method: base.BaseTester.switchToHandle(BaseTester.java:356)----句柄列表：[CDwindow-51EF89F8032CCAC51475ACEE71C0CB7F]
[INFO] 2020-03-31 16:39:29 method: base.BaseTester.switchToHandle(BaseTester.java:356)----句柄列表：[CDwindow-51EF89F8032CCAC51475ACEE71C0CB7F, CDwindow-2ED5E18E42393F41FD9C0316318CF9E7]
[INFO] 2020-03-31 16:39:33 method: base.BaseTester.getElements(BaseTester.java:256)----得到的列表是：[[[ChromeDriver: chrome on XP (019fa8df6888836938fa42ac6f16cc66)] -> css selector: input[name='caseywdwlx']], [[ChromeDriver: chrome on XP (019fa8df6888836938fa42ac6f16cc66)] -> css selector: input[name='caseywdwlx']], [[ChromeDriver: chrome on XP (019fa8df6888836938fa42ac6f16cc66)] -> css selector: input[name='caseywdwlx']], [[ChromeDriver: chrome on XP (019fa8df6888836938fa42ac6f16cc66)] -> css selector: input[name='caseywdwlx']]]
[INFO] 2020-03-31 16:39:34 method: base.BaseTester.getElements(BaseTester.java:256)----得到的列表是：[[[ChromeDriver: chrome on XP (019fa8df6888836938fa42ac6f16cc66)] -> class name: swordselect-list-item], [[ChromeDriver: chrome on XP (019fa8df6888836938fa42ac6f16cc66)] -> class name: swordselect-list-item], [[ChromeDriver: chrome on XP (019fa8df6888836938fa42ac6f16cc66)] -> class name: swordselect-list-item], [[ChromeDriver: chrome on XP (019fa8df6888836938fa42ac6f16cc66)] -> class name: swordselect-list-item], [[ChromeDriver: chrome on XP (019fa8df6888836938fa42ac6f16cc66)] -> class name: swordselect-list-item], [[ChromeDriver: chrome on XP (019fa8df6888836938fa42ac6f16cc66)] -> class name: swordselect-list-item], [[ChromeDriver: chrome on XP (019fa8df6888836938fa42ac6f16cc66)] -> class name: swordselect-list-item], [[ChromeDriver: chrome on XP (019fa8df6888836938fa42ac6f16cc66)] -> class name: swordselect-list-item], [[ChromeDriver: chrome on XP (019fa8df6888836938fa42ac6f16cc66)] -> class name: swordselect-list-item], [[ChromeDriver: chrome on XP (019fa8df6888836938fa42ac6f16cc66)] -> class name: swordselect-list-item], [[ChromeDriver: chrome on XP (019fa8df6888836938fa42ac6f16cc66)] -> class name: swordselect-list-item], [[ChromeDriver: chrome on XP (019fa8df6888836938fa42ac6f16cc66)] -> class name: swordselect-list-item], [[ChromeDriver: chrome on XP (019fa8df6888836938fa42ac6f16cc66)] -> class name: swordselect-list-item], [[ChromeDriver: chrome on XP (019fa8df6888836938fa42ac6f16cc66)] -> class name: swordselect-list-item], [[ChromeDriver: chrome on XP (019fa8df6888836938fa42ac6f16cc66)] -> class name: swordselect-list-item], [[ChromeDriver: chrome on XP (019fa8df6888836938fa42ac6f16cc66)] -> class name: swordselect-list-item], [[ChromeDriver: chrome on XP (019fa8df6888836938fa42ac6f16cc66)] -> class name: swordselect-list-item], [[ChromeDriver: chrome on XP (019fa8df6888836938fa42ac6f16cc66)] -> class name: swordselect-list-item], [[ChromeDriver: chrome on XP (019fa8df6888836938fa42ac6f16cc66)] -> class name: swordselect-list-item], [[ChromeDriver: chrome on XP (019fa8df6888836938fa42ac6f16cc66)] -> class name: swordselect-list-item], [[ChromeDriver: chrome on XP (019fa8df6888836938fa42ac6f16cc66)] -> class name: swordselect-list-item], [[ChromeDriver: chrome on XP (019fa8df6888836938fa42ac6f16cc66)] -> class name: swordselect-list-item], [[ChromeDriver: chrome on XP (019fa8df6888836938fa42ac6f16cc66)] -> class name: swordselect-list-item], [[ChromeDriver: chrome on XP (019fa8df6888836938fa42ac6f16cc66)] -> class name: swordselect-list-item], [[ChromeDriver: chrome on XP (019fa8df6888836938fa42ac6f16cc66)] -> class name: swordselect-list-item], [[ChromeDriver: chrome on XP (019fa8df6888836938fa42ac6f16cc66)] -> class name: swordselect-list-item], [[ChromeDriver: chrome on XP (019fa8df6888836938fa42ac6f16cc66)] -> class name: swordselect-list-item], [[ChromeDriver: chrome on XP (019fa8df6888836938fa42ac6f16cc66)] -> class name: swordselect-list-item], [[ChromeDriver: chrome on XP (019fa8df6888836938fa42ac6f16cc66)] -> class name: swordselect-list-item], [[ChromeDriver: chrome on XP (019fa8df6888836938fa42ac6f16cc66)] -> class name: swordselect-list-item], [[ChromeDriver: chrome on XP (019fa8df6888836938fa42ac6f16cc66)] -> class name: swordselect-list-item], [[ChromeDriver: chrome on XP (019fa8df6888836938fa42ac6f16cc66)] -> class name: swordselect-list-item], [[ChromeDriver: chrome on XP (019fa8df6888836938fa42ac6f16cc66)] -> class name: swordselect-list-item], [[ChromeDriver: chrome on XP (019fa8df6888836938fa42ac6f16cc66)] -> class name: swordselect-list-item]]
[INFO] 2020-03-31 16:39:36 method: base.BaseTester.getElements(BaseTester.java:256)----得到的列表是：[[[ChromeDriver: chrome on XP (019fa8df6888836938fa42ac6f16cc66)] -> class name: swordselect-list-item], [[ChromeDriver: chrome on XP (019fa8df6888836938fa42ac6f16cc66)] -> class name: swordselect-list-item], [[ChromeDriver: chrome on XP (019fa8df6888836938fa42ac6f16cc66)] -> class name: swordselect-list-item], [[ChromeDriver: chrome on XP (019fa8df6888836938fa42ac6f16cc66)] -> class name: swordselect-list-item]]
[INFO] 2020-03-31 16:39:36 method: base.BaseTester.getElements(BaseTester.java:256)----得到的列表是：[[[ChromeDriver: chrome on XP (019fa8df6888836938fa42ac6f16cc66)] -> class name: swordselect-list-item], [[ChromeDriver: chrome on XP (019fa8df6888836938fa42ac6f16cc66)] -> class name: swordselect-list-item], [[ChromeDriver: chrome on XP (019fa8df6888836938fa42ac6f16cc66)] -> class name: swordselect-list-item], [[ChromeDriver: chrome on XP (019fa8df6888836938fa42ac6f16cc66)] -> class name: swordselect-list-item], [[ChromeDriver: chrome on XP (019fa8df6888836938fa42ac6f16cc66)] -> class name: swordselect-list-item], [[ChromeDriver: chrome on XP (019fa8df6888836938fa42ac6f16cc66)] -> class name: swordselect-list-item], [[ChromeDriver: chrome on XP (019fa8df6888836938fa42ac6f16cc66)] -> class name: swordselect-list-item], [[ChromeDriver: chrome on XP (019fa8df6888836938fa42ac6f16cc66)] -> class name: swordselect-list-item], [[ChromeDriver: chrome on XP (019fa8df6888836938fa42ac6f16cc66)] -> class name: swordselect-list-item], [[ChromeDriver: chrome on XP (019fa8df6888836938fa42ac6f16cc66)] -> class name: swordselect-list-item], [[ChromeDriver: chrome on XP (019fa8df6888836938fa42ac6f16cc66)] -> class name: swordselect-list-item], [[ChromeDriver: chrome on XP (019fa8df6888836938fa42ac6f16cc66)] -> class name: swordselect-list-item], [[ChromeDriver: chrome on XP (019fa8df6888836938fa42ac6f16cc66)] -> class name: swordselect-list-item], [[ChromeDriver: chrome on XP (019fa8df6888836938fa42ac6f16cc66)] -> class name: swordselect-list-item], [[ChromeDriver: chrome on XP (019fa8df6888836938fa42ac6f16cc66)] -> class name: swordselect-list-item], [[ChromeDriver: chrome on XP (019fa8df6888836938fa42ac6f16cc66)] -> class name: swordselect-list-item], [[ChromeDriver: chrome on XP (019fa8df6888836938fa42ac6f16cc66)] -> class name: swordselect-list-item], [[ChromeDriver: chrome on XP (019fa8df6888836938fa42ac6f16cc66)] -> class name: swordselect-list-item], [[ChromeDriver: chrome on XP (019fa8df6888836938fa42ac6f16cc66)] -> class name: swordselect-list-item], [[ChromeDriver: chrome on XP (019fa8df6888836938fa42ac6f16cc66)] -> class name: swordselect-list-item], [[ChromeDriver: chrome on XP (019fa8df6888836938fa42ac6f16cc66)] -> class name: swordselect-list-item], [[ChromeDriver: chrome on XP (019fa8df6888836938fa42ac6f16cc66)] -> class name: swordselect-list-item]]
[INFO] 2020-03-31 16:39:37 method: base.BaseTester.getElements(BaseTester.java:256)----得到的列表是：[[[ChromeDriver: chrome on XP (019fa8df6888836938fa42ac6f16cc66)] -> css selector: input[name='caseywlb']], [[ChromeDriver: chrome on XP (019fa8df6888836938fa42ac6f16cc66)] -> css selector: input[name='caseywlb']], [[ChromeDriver: chrome on XP (019fa8df6888836938fa42ac6f16cc66)] -> css selector: input[name='caseywlb']], [[ChromeDriver: chrome on XP (019fa8df6888836938fa42ac6f16cc66)] -> css selector: input[name='caseywlb']], [[ChromeDriver: chrome on XP (019fa8df6888836938fa42ac6f16cc66)] -> css selector: input[name='caseywlb']], [[ChromeDriver: chrome on XP (019fa8df6888836938fa42ac6f16cc66)] -> css selector: input[name='caseywlb']], [[ChromeDriver: chrome on XP (019fa8df6888836938fa42ac6f16cc66)] -> css selector: input[name='caseywlb']], [[ChromeDriver: chrome on XP (019fa8df6888836938fa42ac6f16cc66)] -> css selector: input[name='caseywlb']], [[ChromeDriver: chrome on XP (019fa8df6888836938fa42ac6f16cc66)] -> css selector: input[name='caseywlb']], [[ChromeDriver: chrome on XP (019fa8df6888836938fa42ac6f16cc66)] -> css selector: input[name='caseywlb']]]
[INFO] 2020-03-31 16:39:38 method: base.BaseTester.getElements(BaseTester.java:256)----得到的列表是：[[[ChromeDriver: chrome on XP (019fa8df6888836938fa42ac6f16cc66)] -> class name: swordselect-list-item], [[ChromeDriver: chrome on XP (019fa8df6888836938fa42ac6f16cc66)] -> class name: swordselect-list-item], [[ChromeDriver: chrome on XP (019fa8df6888836938fa42ac6f16cc66)] -> class name: swordselect-list-item], [[ChromeDriver: chrome on XP (019fa8df6888836938fa42ac6f16cc66)] -> class name: swordselect-list-item], [[ChromeDriver: chrome on XP (019fa8df6888836938fa42ac6f16cc66)] -> class name: swordselect-list-item], [[ChromeDriver: chrome on XP (019fa8df6888836938fa42ac6f16cc66)] -> class name: swordselect-list-item], [[ChromeDriver: chrome on XP (019fa8df6888836938fa42ac6f16cc66)] -> class name: swordselect-list-item]]
[INFO] 2020-03-31 16:39:39 method: base.BaseTester.getElements(BaseTester.java:256)----得到的列表是：[[[ChromeDriver: chrome on XP (019fa8df6888836938fa42ac6f16cc66)] -> class name: swordselect-list-item], [[ChromeDriver: chrome on XP (019fa8df6888836938fa42ac6f16cc66)] -> class name: swordselect-list-item], [[ChromeDriver: chrome on XP (019fa8df6888836938fa42ac6f16cc66)] -> class name: swordselect-list-item], [[ChromeDriver: chrome on XP (019fa8df6888836938fa42ac6f16cc66)] -> class name: swordselect-list-item], [[ChromeDriver: chrome on XP (019fa8df6888836938fa42ac6f16cc66)] -> class name: swordselect-list-item], [[ChromeDriver: chrome on XP (019fa8df6888836938fa42ac6f16cc66)] -> class name: swordselect-list-item], [[ChromeDriver: chrome on XP (019fa8df6888836938fa42ac6f16cc66)] -> class name: swordselect-list-item], [[ChromeDriver: chrome on XP (019fa8df6888836938fa42ac6f16cc66)] -> class name: swordselect-list-item], [[ChromeDriver: chrome on XP (019fa8df6888836938fa42ac6f16cc66)] -> class name: swordselect-list-item]]
[INFO] 2020-03-31 16:39:43 method: base.BaseTester.getElements(BaseTester.java:256)----得到的列表是：[[[ChromeDriver: chrome on XP (019fa8df6888836938fa42ac6f16cc66)] -> css selector: input[name='nsrpjdj']], [[ChromeDriver: chrome on XP (019fa8df6888836938fa42ac6f16cc66)] -> css selector: input[name='nsrpjdj']], [[ChromeDriver: chrome on XP (019fa8df6888836938fa42ac6f16cc66)] -> css selector: input[name='nsrpjdj']]]
[INFO] 2020-03-31 16:39:43 method: base.BaseTester.getElements(BaseTester.java:256)----得到的列表是：[[[ChromeDriver: chrome on XP (019fa8df6888836938fa42ac6f16cc66)] -> class name: swordselect-list-item], [[ChromeDriver: chrome on XP (019fa8df6888836938fa42ac6f16cc66)] -> class name: swordselect-list-item], [[ChromeDriver: chrome on XP (019fa8df6888836938fa42ac6f16cc66)] -> class name: swordselect-list-item], [[ChromeDriver: chrome on XP (019fa8df6888836938fa42ac6f16cc66)] -> class name: swordselect-list-item], [[ChromeDriver: chrome on XP (019fa8df6888836938fa42ac6f16cc66)] -> class name: swordselect-list-item], [[ChromeDriver: chrome on XP (019fa8df6888836938fa42ac6f16cc66)] -> class name: swordselect-list-item], [[ChromeDriver: chrome on XP (019fa8df6888836938fa42ac6f16cc66)] -> class name: swordselect-list-item]]
[INFO] 2020-03-31 16:39:44 method: base.BaseTester.clear(BaseTester.java:171)----开始清空操作
[INFO] 2020-03-31 16:39:44 method: base.BaseTester.getElements(BaseTester.java:256)----得到的列表是：[[[ChromeDriver: chrome on XP (019fa8df6888836938fa42ac6f16cc66)] -> class name: swordselect-list-item], [[ChromeDriver: chrome on XP (019fa8df6888836938fa42ac6f16cc66)] -> class name: swordselect-list-item], [[ChromeDriver: chrome on XP (019fa8df6888836938fa42ac6f16cc66)] -> class name: swordselect-list-item]]
]]></system-out>
  </testcase>
  <testcase name="ywsl_xcsl_save_tsSave_failure_test_case" classname="testcase.ywsl.xcsl.save.tsSave.TsSaveTester" time="28.77">
    <failure message="Timed out after 5 seconds waiting for base.BaseTester$4@2d44f3&#10;Build info: version: &apos;2.53.1&apos;, revision: &apos;a36b8b1cd5757287168e54b817830adce9b0158d&apos;, time: &apos;2016-06-30 19:26:09&apos;&#10;System info: host: &apos;PC201703061101&apos;, ip: &apos;192.168.8.75&apos;, os.name: &apos;Windows 7&apos;, os.arch: &apos;x86&apos;, os.version: &apos;6.1&apos;, java.version: &apos;1.8.0_181&apos;&#10;Driver info: org.openqa.selenium.chrome.ChromeDriver&#10;Capabilities [{mobileEmulationEnabled=false, timeouts={implicit=0, pageLoad=300000, script=30000}, hasTouchScreen=false, platform=XP, acceptSslCerts=false, goog:chromeOptions={debuggerAddress=localhost:28666}, acceptInsecureCerts=false, webStorageEnabled=true, browserName=chrome, takesScreenshot=true, javascriptEnabled=true, setWindowRect=true, unexpectedAlertBehaviour=ignore, applicationCacheEnabled=false, rotatable=false, networkConnectionEnabled=false, chrome={chromedriverVersion=79.0.3945.36 (3582db32b33893869b8c1339e8f4d9ed1816f143-refs/branch-heads/3945@{#614}), userDataDir=C:\Users\ADMINI~1\AppData\Local\Temp\scoped_dir12272_722766244}, takesHeapSnapshot=true, pageLoadStrategy=normal, strictFileInteractability=false, databaseEnabled=false, handlesAlerts=true, version=79.0.3945.117, browserConnectionEnabled=false, proxy={}, nativeEvents=true, locationContextEnabled=true, cssSelectorsEnabled=true}]&#10;Session ID: 019fa8df6888836938fa42ac6f16cc66" type="org.openqa.selenium.TimeoutException">org.openqa.selenium.TimeoutException: 
Timed out after 5 seconds waiting for base.BaseTester$4@2d44f3
Build info: version: '2.53.1', revision: 'a36b8b1cd5757287168e54b817830adce9b0158d', time: '2016-06-30 19:26:09'
System info: host: 'PC201703061101', ip: '192.168.8.75', os.name: 'Windows 7', os.arch: 'x86', os.version: '6.1', java.version: '1.8.0_181'
Driver info: org.openqa.selenium.chrome.ChromeDriver
Capabilities [{mobileEmulationEnabled=false, timeouts={implicit=0, pageLoad=300000, script=30000}, hasTouchScreen=false, platform=XP, acceptSslCerts=false, goog:chromeOptions={debuggerAddress=localhost:28666}, acceptInsecureCerts=false, webStorageEnabled=true, browserName=chrome, takesScreenshot=true, javascriptEnabled=true, setWindowRect=true, unexpectedAlertBehaviour=ignore, applicationCacheEnabled=false, rotatable=false, networkConnectionEnabled=false, chrome={chromedriverVersion=79.0.3945.36 (3582db32b33893869b8c1339e8f4d9ed1816f143-refs/branch-heads/3945@{#614}), userDataDir=C:\Users\ADMINI~1\AppData\Local\Temp\scoped_dir12272_722766244}, takesHeapSnapshot=true, pageLoadStrategy=normal, strictFileInteractability=false, databaseEnabled=false, handlesAlerts=true, version=79.0.3945.117, browserConnectionEnabled=false, proxy={}, nativeEvents=true, locationContextEnabled=true, cssSelectorsEnabled=true}]
Session ID: 019fa8df6888836938fa42ac6f16cc66
	at testcase.ywsl.xcsl.save.tsSave.TsSaveTester.ywsl_xcsl_save_tsSave_failure_test_case(TsSaveTester.java:143)
</failure>
    <system-out><![CDATA[[INFO] 2020-03-31 16:39:51 method: base.BaseTester.switchToHandle(BaseTester.java:356)----句柄列表：[CDwindow-51EF89F8032CCAC51475ACEE71C0CB7F]
[INFO] 2020-03-31 16:39:54 method: base.BaseTester.switchToHandle(BaseTester.java:356)----句柄列表：[CDwindow-51EF89F8032CCAC51475ACEE71C0CB7F, CDwindow-CCE1C5E2DACEF809D1428ECC8EF323B8]
[INFO] 2020-03-31 16:39:58 method: base.BaseTester.getElements(BaseTester.java:256)----得到的列表是：[[[ChromeDriver: chrome on XP (019fa8df6888836938fa42ac6f16cc66)] -> css selector: input[name='caseywdwlx']], [[ChromeDriver: chrome on XP (019fa8df6888836938fa42ac6f16cc66)] -> css selector: input[name='caseywdwlx']], [[ChromeDriver: chrome on XP (019fa8df6888836938fa42ac6f16cc66)] -> css selector: input[name='caseywdwlx']], [[ChromeDriver: chrome on XP (019fa8df6888836938fa42ac6f16cc66)] -> css selector: input[name='caseywdwlx']]]
[INFO] 2020-03-31 16:39:59 method: base.BaseTester.getElements(BaseTester.java:256)----得到的列表是：[[[ChromeDriver: chrome on XP (019fa8df6888836938fa42ac6f16cc66)] -> class name: swordselect-list-item], [[ChromeDriver: chrome on XP (019fa8df6888836938fa42ac6f16cc66)] -> class name: swordselect-list-item], [[ChromeDriver: chrome on XP (019fa8df6888836938fa42ac6f16cc66)] -> class name: swordselect-list-item], [[ChromeDriver: chrome on XP (019fa8df6888836938fa42ac6f16cc66)] -> class name: swordselect-list-item], [[ChromeDriver: chrome on XP (019fa8df6888836938fa42ac6f16cc66)] -> class name: swordselect-list-item], [[ChromeDriver: chrome on XP (019fa8df6888836938fa42ac6f16cc66)] -> class name: swordselect-list-item], [[ChromeDriver: chrome on XP (019fa8df6888836938fa42ac6f16cc66)] -> class name: swordselect-list-item], [[ChromeDriver: chrome on XP (019fa8df6888836938fa42ac6f16cc66)] -> class name: swordselect-list-item], [[ChromeDriver: chrome on XP (019fa8df6888836938fa42ac6f16cc66)] -> class name: swordselect-list-item], [[ChromeDriver: chrome on XP (019fa8df6888836938fa42ac6f16cc66)] -> class name: swordselect-list-item], [[ChromeDriver: chrome on XP (019fa8df6888836938fa42ac6f16cc66)] -> class name: swordselect-list-item], [[ChromeDriver: chrome on XP (019fa8df6888836938fa42ac6f16cc66)] -> class name: swordselect-list-item], [[ChromeDriver: chrome on XP (019fa8df6888836938fa42ac6f16cc66)] -> class name: swordselect-list-item], [[ChromeDriver: chrome on XP (019fa8df6888836938fa42ac6f16cc66)] -> class name: swordselect-list-item], [[ChromeDriver: chrome on XP (019fa8df6888836938fa42ac6f16cc66)] -> class name: swordselect-list-item], [[ChromeDriver: chrome on XP (019fa8df6888836938fa42ac6f16cc66)] -> class name: swordselect-list-item], [[ChromeDriver: chrome on XP (019fa8df6888836938fa42ac6f16cc66)] -> class name: swordselect-list-item], [[ChromeDriver: chrome on XP (019fa8df6888836938fa42ac6f16cc66)] -> class name: swordselect-list-item], [[ChromeDriver: chrome on XP (019fa8df6888836938fa42ac6f16cc66)] -> class name: swordselect-list-item], [[ChromeDriver: chrome on XP (019fa8df6888836938fa42ac6f16cc66)] -> class name: swordselect-list-item], [[ChromeDriver: chrome on XP (019fa8df6888836938fa42ac6f16cc66)] -> class name: swordselect-list-item], [[ChromeDriver: chrome on XP (019fa8df6888836938fa42ac6f16cc66)] -> class name: swordselect-list-item], [[ChromeDriver: chrome on XP (019fa8df6888836938fa42ac6f16cc66)] -> class name: swordselect-list-item], [[ChromeDriver: chrome on XP (019fa8df6888836938fa42ac6f16cc66)] -> class name: swordselect-list-item], [[ChromeDriver: chrome on XP (019fa8df6888836938fa42ac6f16cc66)] -> class name: swordselect-list-item], [[ChromeDriver: chrome on XP (019fa8df6888836938fa42ac6f16cc66)] -> class name: swordselect-list-item], [[ChromeDriver: chrome on XP (019fa8df6888836938fa42ac6f16cc66)] -> class name: swordselect-list-item], [[ChromeDriver: chrome on XP (019fa8df6888836938fa42ac6f16cc66)] -> class name: swordselect-list-item], [[ChromeDriver: chrome on XP (019fa8df6888836938fa42ac6f16cc66)] -> class name: swordselect-list-item], [[ChromeDriver: chrome on XP (019fa8df6888836938fa42ac6f16cc66)] -> class name: swordselect-list-item], [[ChromeDriver: chrome on XP (019fa8df6888836938fa42ac6f16cc66)] -> class name: swordselect-list-item], [[ChromeDriver: chrome on XP (019fa8df6888836938fa42ac6f16cc66)] -> class name: swordselect-list-item], [[ChromeDriver: chrome on XP (019fa8df6888836938fa42ac6f16cc66)] -> class name: swordselect-list-item], [[ChromeDriver: chrome on XP (019fa8df6888836938fa42ac6f16cc66)] -> class name: swordselect-list-item]]
[INFO] 2020-03-31 16:40:00 method: base.BaseTester.getElements(BaseTester.java:256)----得到的列表是：[[[ChromeDriver: chrome on XP (019fa8df6888836938fa42ac6f16cc66)] -> class name: swordselect-list-item], [[ChromeDriver: chrome on XP (019fa8df6888836938fa42ac6f16cc66)] -> class name: swordselect-list-item], [[ChromeDriver: chrome on XP (019fa8df6888836938fa42ac6f16cc66)] -> class name: swordselect-list-item], [[ChromeDriver: chrome on XP (019fa8df6888836938fa42ac6f16cc66)] -> class name: swordselect-list-item]]
[INFO] 2020-03-31 16:40:01 method: base.BaseTester.getElements(BaseTester.java:256)----得到的列表是：[[[ChromeDriver: chrome on XP (019fa8df6888836938fa42ac6f16cc66)] -> class name: swordselect-list-item], [[ChromeDriver: chrome on XP (019fa8df6888836938fa42ac6f16cc66)] -> class name: swordselect-list-item], [[ChromeDriver: chrome on XP (019fa8df6888836938fa42ac6f16cc66)] -> class name: swordselect-list-item], [[ChromeDriver: chrome on XP (019fa8df6888836938fa42ac6f16cc66)] -> class name: swordselect-list-item], [[ChromeDriver: chrome on XP (019fa8df6888836938fa42ac6f16cc66)] -> class name: swordselect-list-item], [[ChromeDriver: chrome on XP (019fa8df6888836938fa42ac6f16cc66)] -> class name: swordselect-list-item], [[ChromeDriver: chrome on XP (019fa8df6888836938fa42ac6f16cc66)] -> class name: swordselect-list-item], [[ChromeDriver: chrome on XP (019fa8df6888836938fa42ac6f16cc66)] -> class name: swordselect-list-item], [[ChromeDriver: chrome on XP (019fa8df6888836938fa42ac6f16cc66)] -> class name: swordselect-list-item], [[ChromeDriver: chrome on XP (019fa8df6888836938fa42ac6f16cc66)] -> class name: swordselect-list-item], [[ChromeDriver: chrome on XP (019fa8df6888836938fa42ac6f16cc66)] -> class name: swordselect-list-item], [[ChromeDriver: chrome on XP (019fa8df6888836938fa42ac6f16cc66)] -> class name: swordselect-list-item], [[ChromeDriver: chrome on XP (019fa8df6888836938fa42ac6f16cc66)] -> class name: swordselect-list-item], [[ChromeDriver: chrome on XP (019fa8df6888836938fa42ac6f16cc66)] -> class name: swordselect-list-item], [[ChromeDriver: chrome on XP (019fa8df6888836938fa42ac6f16cc66)] -> class name: swordselect-list-item], [[ChromeDriver: chrome on XP (019fa8df6888836938fa42ac6f16cc66)] -> class name: swordselect-list-item], [[ChromeDriver: chrome on XP (019fa8df6888836938fa42ac6f16cc66)] -> class name: swordselect-list-item], [[ChromeDriver: chrome on XP (019fa8df6888836938fa42ac6f16cc66)] -> class name: swordselect-list-item], [[ChromeDriver: chrome on XP (019fa8df6888836938fa42ac6f16cc66)] -> class name: swordselect-list-item], [[ChromeDriver: chrome on XP (019fa8df6888836938fa42ac6f16cc66)] -> class name: swordselect-list-item], [[ChromeDriver: chrome on XP (019fa8df6888836938fa42ac6f16cc66)] -> class name: swordselect-list-item], [[ChromeDriver: chrome on XP (019fa8df6888836938fa42ac6f16cc66)] -> class name: swordselect-list-item]]
[INFO] 2020-03-31 16:40:02 method: base.BaseTester.getElements(BaseTester.java:256)----得到的列表是：[[[ChromeDriver: chrome on XP (019fa8df6888836938fa42ac6f16cc66)] -> css selector: input[name='caseywlb']], [[ChromeDriver: chrome on XP (019fa8df6888836938fa42ac6f16cc66)] -> css selector: input[name='caseywlb']], [[ChromeDriver: chrome on XP (019fa8df6888836938fa42ac6f16cc66)] -> css selector: input[name='caseywlb']], [[ChromeDriver: chrome on XP (019fa8df6888836938fa42ac6f16cc66)] -> css selector: input[name='caseywlb']], [[ChromeDriver: chrome on XP (019fa8df6888836938fa42ac6f16cc66)] -> css selector: input[name='caseywlb']], [[ChromeDriver: chrome on XP (019fa8df6888836938fa42ac6f16cc66)] -> css selector: input[name='caseywlb']], [[ChromeDriver: chrome on XP (019fa8df6888836938fa42ac6f16cc66)] -> css selector: input[name='caseywlb']], [[ChromeDriver: chrome on XP (019fa8df6888836938fa42ac6f16cc66)] -> css selector: input[name='caseywlb']], [[ChromeDriver: chrome on XP (019fa8df6888836938fa42ac6f16cc66)] -> css selector: input[name='caseywlb']], [[ChromeDriver: chrome on XP (019fa8df6888836938fa42ac6f16cc66)] -> css selector: input[name='caseywlb']]]
[INFO] 2020-03-31 16:40:03 method: base.BaseTester.getElements(BaseTester.java:256)----得到的列表是：[[[ChromeDriver: chrome on XP (019fa8df6888836938fa42ac6f16cc66)] -> class name: swordselect-list-item], [[ChromeDriver: chrome on XP (019fa8df6888836938fa42ac6f16cc66)] -> class name: swordselect-list-item], [[ChromeDriver: chrome on XP (019fa8df6888836938fa42ac6f16cc66)] -> class name: swordselect-list-item], [[ChromeDriver: chrome on XP (019fa8df6888836938fa42ac6f16cc66)] -> class name: swordselect-list-item], [[ChromeDriver: chrome on XP (019fa8df6888836938fa42ac6f16cc66)] -> class name: swordselect-list-item], [[ChromeDriver: chrome on XP (019fa8df6888836938fa42ac6f16cc66)] -> class name: swordselect-list-item], [[ChromeDriver: chrome on XP (019fa8df6888836938fa42ac6f16cc66)] -> class name: swordselect-list-item]]
[INFO] 2020-03-31 16:40:03 method: base.BaseTester.getElements(BaseTester.java:256)----得到的列表是：[[[ChromeDriver: chrome on XP (019fa8df6888836938fa42ac6f16cc66)] -> class name: swordselect-list-item], [[ChromeDriver: chrome on XP (019fa8df6888836938fa42ac6f16cc66)] -> class name: swordselect-list-item], [[ChromeDriver: chrome on XP (019fa8df6888836938fa42ac6f16cc66)] -> class name: swordselect-list-item], [[ChromeDriver: chrome on XP (019fa8df6888836938fa42ac6f16cc66)] -> class name: swordselect-list-item], [[ChromeDriver: chrome on XP (019fa8df6888836938fa42ac6f16cc66)] -> class name: swordselect-list-item], [[ChromeDriver: chrome on XP (019fa8df6888836938fa42ac6f16cc66)] -> class name: swordselect-list-item], [[ChromeDriver: chrome on XP (019fa8df6888836938fa42ac6f16cc66)] -> class name: swordselect-list-item], [[ChromeDriver: chrome on XP (019fa8df6888836938fa42ac6f16cc66)] -> class name: swordselect-list-item], [[ChromeDriver: chrome on XP (019fa8df6888836938fa42ac6f16cc66)] -> class name: swordselect-list-item]]
[INFO] 2020-03-31 16:40:07 method: base.BaseTester.getElements(BaseTester.java:256)----得到的列表是：[[[ChromeDriver: chrome on XP (019fa8df6888836938fa42ac6f16cc66)] -> css selector: input[name='nsrpjdj']], [[ChromeDriver: chrome on XP (019fa8df6888836938fa42ac6f16cc66)] -> css selector: input[name='nsrpjdj']], [[ChromeDriver: chrome on XP (019fa8df6888836938fa42ac6f16cc66)] -> css selector: input[name='nsrpjdj']]]
[INFO] 2020-03-31 16:40:08 method: base.BaseTester.getElements(BaseTester.java:256)----得到的列表是：[[[ChromeDriver: chrome on XP (019fa8df6888836938fa42ac6f16cc66)] -> class name: swordselect-list-item], [[ChromeDriver: chrome on XP (019fa8df6888836938fa42ac6f16cc66)] -> class name: swordselect-list-item], [[ChromeDriver: chrome on XP (019fa8df6888836938fa42ac6f16cc66)] -> class name: swordselect-list-item], [[ChromeDriver: chrome on XP (019fa8df6888836938fa42ac6f16cc66)] -> class name: swordselect-list-item], [[ChromeDriver: chrome on XP (019fa8df6888836938fa42ac6f16cc66)] -> class name: swordselect-list-item], [[ChromeDriver: chrome on XP (019fa8df6888836938fa42ac6f16cc66)] -> class name: swordselect-list-item], [[ChromeDriver: chrome on XP (019fa8df6888836938fa42ac6f16cc66)] -> class name: swordselect-list-item]]
[INFO] 2020-03-31 16:40:08 method: base.BaseTester.clear(BaseTester.java:171)----开始清空操作
[INFO] 2020-03-31 16:40:12 method: base.BaseTester.getElements(BaseTester.java:256)----得到的列表是：[[[ChromeDriver: chrome on XP (019fa8df6888836938fa42ac6f16cc66)] -> class name: sGrid_data_row_item_checkbox], [[ChromeDriver: chrome on XP (019fa8df6888836938fa42ac6f16cc66)] -> class name: sGrid_data_row_item_checkbox], [[ChromeDriver: chrome on XP (019fa8df6888836938fa42ac6f16cc66)] -> class name: sGrid_data_row_item_checkbox]]
[INFO] 2020-03-31 16:40:12 method: base.BaseTester.clickCheckBoxByIndex(BaseTester.java:566)----checkBox列表大小为：3
[INFO] 2020-03-31 16:40:14 method: base.BaseTester.getElements(BaseTester.java:256)----得到的列表是：[[[ChromeDriver: chrome on XP (019fa8df6888836938fa42ac6f16cc66)] -> class name: swordselect-list-item], [[ChromeDriver: chrome on XP (019fa8df6888836938fa42ac6f16cc66)] -> class name: swordselect-list-item], [[ChromeDriver: chrome on XP (019fa8df6888836938fa42ac6f16cc66)] -> class name: swordselect-list-item]]
]]></system-out>
  </testcase>
  <testcase name="ywsl_xcsl_save_tsSave_failure_test_case" classname="testcase.ywsl.xcsl.save.tsSave.TsSaveTester" time="24.631"/>
  <testcase name="ywsl_xcsl_save_tsSave_failure_test_case" classname="testcase.ywsl.xcsl.save.tsSave.TsSaveTester" time="23.292">
    <failure message="Timed out after 5 seconds waiting for base.BaseTester$4@18c3646&#10;Build info: version: &apos;2.53.1&apos;, revision: &apos;a36b8b1cd5757287168e54b817830adce9b0158d&apos;, time: &apos;2016-06-30 19:26:09&apos;&#10;System info: host: &apos;PC201703061101&apos;, ip: &apos;192.168.8.75&apos;, os.name: &apos;Windows 7&apos;, os.arch: &apos;x86&apos;, os.version: &apos;6.1&apos;, java.version: &apos;1.8.0_181&apos;&#10;Driver info: org.openqa.selenium.chrome.ChromeDriver&#10;Capabilities [{mobileEmulationEnabled=false, timeouts={implicit=0, pageLoad=300000, script=30000}, hasTouchScreen=false, platform=XP, acceptSslCerts=false, goog:chromeOptions={debuggerAddress=localhost:28666}, acceptInsecureCerts=false, webStorageEnabled=true, browserName=chrome, takesScreenshot=true, javascriptEnabled=true, setWindowRect=true, unexpectedAlertBehaviour=ignore, applicationCacheEnabled=false, rotatable=false, networkConnectionEnabled=false, chrome={chromedriverVersion=79.0.3945.36 (3582db32b33893869b8c1339e8f4d9ed1816f143-refs/branch-heads/3945@{#614}), userDataDir=C:\Users\ADMINI~1\AppData\Local\Temp\scoped_dir12272_722766244}, takesHeapSnapshot=true, pageLoadStrategy=normal, strictFileInteractability=false, databaseEnabled=false, handlesAlerts=true, version=79.0.3945.117, browserConnectionEnabled=false, proxy={}, nativeEvents=true, locationContextEnabled=true, cssSelectorsEnabled=true}]&#10;Session ID: 019fa8df6888836938fa42ac6f16cc66" type="org.openqa.selenium.TimeoutException">org.openqa.selenium.TimeoutException: 
Timed out after 5 seconds waiting for base.BaseTester$4@18c3646
Build info: version: '2.53.1', revision: 'a36b8b1cd5757287168e54b817830adce9b0158d', time: '2016-06-30 19:26:09'
System info: host: 'PC201703061101', ip: '192.168.8.75', os.name: 'Windows 7', os.arch: 'x86', os.version: '6.1', java.version: '1.8.0_181'
Driver info: org.openqa.selenium.chrome.ChromeDriver
Capabilities [{mobileEmulationEnabled=false, timeouts={implicit=0, pageLoad=300000, script=30000}, hasTouchScreen=false, platform=XP, acceptSslCerts=false, goog:chromeOptions={debuggerAddress=localhost:28666}, acceptInsecureCerts=false, webStorageEnabled=true, browserName=chrome, takesScreenshot=true, javascriptEnabled=true, setWindowRect=true, unexpectedAlertBehaviour=ignore, applicationCacheEnabled=false, rotatable=false, networkConnectionEnabled=false, chrome={chromedriverVersion=79.0.3945.36 (3582db32b33893869b8c1339e8f4d9ed1816f143-refs/branch-heads/3945@{#614}), userDataDir=C:\Users\ADMINI~1\AppData\Local\Temp\scoped_dir12272_722766244}, takesHeapSnapshot=true, pageLoadStrategy=normal, strictFileInteractability=false, databaseEnabled=false, handlesAlerts=true, version=79.0.3945.117, browserConnectionEnabled=false, proxy={}, nativeEvents=true, locationContextEnabled=true, cssSelectorsEnabled=true}]
Session ID: 019fa8df6888836938fa42ac6f16cc66
	at testcase.ywsl.xcsl.save.tsSave.TsSaveTester.ywsl_xcsl_save_tsSave_failure_test_case(TsSaveTester.java:143)
</failure>
    <system-out><![CDATA[[INFO] 2020-03-31 16:40:46 method: base.BaseTester.switchToHandle(BaseTester.java:356)----句柄列表：[CDwindow-51EF89F8032CCAC51475ACEE71C0CB7F]
[INFO] 2020-03-31 16:40:49 method: base.BaseTester.switchToHandle(BaseTester.java:356)----句柄列表：[CDwindow-51EF89F8032CCAC51475ACEE71C0CB7F, CDwindow-849144E6C2EEAD2E224EC5345ABF022C]
[INFO] 2020-03-31 16:40:54 method: base.BaseTester.getElements(BaseTester.java:256)----得到的列表是：[[[ChromeDriver: chrome on XP (019fa8df6888836938fa42ac6f16cc66)] -> css selector: input[name='caseywdwlx']], [[ChromeDriver: chrome on XP (019fa8df6888836938fa42ac6f16cc66)] -> css selector: input[name='caseywdwlx']], [[ChromeDriver: chrome on XP (019fa8df6888836938fa42ac6f16cc66)] -> css selector: input[name='caseywdwlx']], [[ChromeDriver: chrome on XP (019fa8df6888836938fa42ac6f16cc66)] -> css selector: input[name='caseywdwlx']]]
[INFO] 2020-03-31 16:40:54 method: base.BaseTester.getElements(BaseTester.java:256)----得到的列表是：[[[ChromeDriver: chrome on XP (019fa8df6888836938fa42ac6f16cc66)] -> class name: swordselect-list-item], [[ChromeDriver: chrome on XP (019fa8df6888836938fa42ac6f16cc66)] -> class name: swordselect-list-item], [[ChromeDriver: chrome on XP (019fa8df6888836938fa42ac6f16cc66)] -> class name: swordselect-list-item], [[ChromeDriver: chrome on XP (019fa8df6888836938fa42ac6f16cc66)] -> class name: swordselect-list-item], [[ChromeDriver: chrome on XP (019fa8df6888836938fa42ac6f16cc66)] -> class name: swordselect-list-item], [[ChromeDriver: chrome on XP (019fa8df6888836938fa42ac6f16cc66)] -> class name: swordselect-list-item], [[ChromeDriver: chrome on XP (019fa8df6888836938fa42ac6f16cc66)] -> class name: swordselect-list-item], [[ChromeDriver: chrome on XP (019fa8df6888836938fa42ac6f16cc66)] -> class name: swordselect-list-item], [[ChromeDriver: chrome on XP (019fa8df6888836938fa42ac6f16cc66)] -> class name: swordselect-list-item], [[ChromeDriver: chrome on XP (019fa8df6888836938fa42ac6f16cc66)] -> class name: swordselect-list-item], [[ChromeDriver: chrome on XP (019fa8df6888836938fa42ac6f16cc66)] -> class name: swordselect-list-item], [[ChromeDriver: chrome on XP (019fa8df6888836938fa42ac6f16cc66)] -> class name: swordselect-list-item], [[ChromeDriver: chrome on XP (019fa8df6888836938fa42ac6f16cc66)] -> class name: swordselect-list-item], [[ChromeDriver: chrome on XP (019fa8df6888836938fa42ac6f16cc66)] -> class name: swordselect-list-item], [[ChromeDriver: chrome on XP (019fa8df6888836938fa42ac6f16cc66)] -> class name: swordselect-list-item], [[ChromeDriver: chrome on XP (019fa8df6888836938fa42ac6f16cc66)] -> class name: swordselect-list-item], [[ChromeDriver: chrome on XP (019fa8df6888836938fa42ac6f16cc66)] -> class name: swordselect-list-item], [[ChromeDriver: chrome on XP (019fa8df6888836938fa42ac6f16cc66)] -> class name: swordselect-list-item], [[ChromeDriver: chrome on XP (019fa8df6888836938fa42ac6f16cc66)] -> class name: swordselect-list-item], [[ChromeDriver: chrome on XP (019fa8df6888836938fa42ac6f16cc66)] -> class name: swordselect-list-item], [[ChromeDriver: chrome on XP (019fa8df6888836938fa42ac6f16cc66)] -> class name: swordselect-list-item], [[ChromeDriver: chrome on XP (019fa8df6888836938fa42ac6f16cc66)] -> class name: swordselect-list-item], [[ChromeDriver: chrome on XP (019fa8df6888836938fa42ac6f16cc66)] -> class name: swordselect-list-item], [[ChromeDriver: chrome on XP (019fa8df6888836938fa42ac6f16cc66)] -> class name: swordselect-list-item], [[ChromeDriver: chrome on XP (019fa8df6888836938fa42ac6f16cc66)] -> class name: swordselect-list-item], [[ChromeDriver: chrome on XP (019fa8df6888836938fa42ac6f16cc66)] -> class name: swordselect-list-item], [[ChromeDriver: chrome on XP (019fa8df6888836938fa42ac6f16cc66)] -> class name: swordselect-list-item], [[ChromeDriver: chrome on XP (019fa8df6888836938fa42ac6f16cc66)] -> class name: swordselect-list-item], [[ChromeDriver: chrome on XP (019fa8df6888836938fa42ac6f16cc66)] -> class name: swordselect-list-item], [[ChromeDriver: chrome on XP (019fa8df6888836938fa42ac6f16cc66)] -> class name: swordselect-list-item], [[ChromeDriver: chrome on XP (019fa8df6888836938fa42ac6f16cc66)] -> class name: swordselect-list-item], [[ChromeDriver: chrome on XP (019fa8df6888836938fa42ac6f16cc66)] -> class name: swordselect-list-item], [[ChromeDriver: chrome on XP (019fa8df6888836938fa42ac6f16cc66)] -> class name: swordselect-list-item], [[ChromeDriver: chrome on XP (019fa8df6888836938fa42ac6f16cc66)] -> class name: swordselect-list-item]]
[INFO] 2020-03-31 16:40:56 method: base.BaseTester.getElements(BaseTester.java:256)----得到的列表是：[[[ChromeDriver: chrome on XP (019fa8df6888836938fa42ac6f16cc66)] -> class name: swordselect-list-item], [[ChromeDriver: chrome on XP (019fa8df6888836938fa42ac6f16cc66)] -> class name: swordselect-list-item], [[ChromeDriver: chrome on XP (019fa8df6888836938fa42ac6f16cc66)] -> class name: swordselect-list-item], [[ChromeDriver: chrome on XP (019fa8df6888836938fa42ac6f16cc66)] -> class name: swordselect-list-item]]
[INFO] 2020-03-31 16:40:57 method: base.BaseTester.getElements(BaseTester.java:256)----得到的列表是：[[[ChromeDriver: chrome on XP (019fa8df6888836938fa42ac6f16cc66)] -> class name: swordselect-list-item], [[ChromeDriver: chrome on XP (019fa8df6888836938fa42ac6f16cc66)] -> class name: swordselect-list-item], [[ChromeDriver: chrome on XP (019fa8df6888836938fa42ac6f16cc66)] -> class name: swordselect-list-item], [[ChromeDriver: chrome on XP (019fa8df6888836938fa42ac6f16cc66)] -> class name: swordselect-list-item], [[ChromeDriver: chrome on XP (019fa8df6888836938fa42ac6f16cc66)] -> class name: swordselect-list-item], [[ChromeDriver: chrome on XP (019fa8df6888836938fa42ac6f16cc66)] -> class name: swordselect-list-item], [[ChromeDriver: chrome on XP (019fa8df6888836938fa42ac6f16cc66)] -> class name: swordselect-list-item], [[ChromeDriver: chrome on XP (019fa8df6888836938fa42ac6f16cc66)] -> class name: swordselect-list-item], [[ChromeDriver: chrome on XP (019fa8df6888836938fa42ac6f16cc66)] -> class name: swordselect-list-item], [[ChromeDriver: chrome on XP (019fa8df6888836938fa42ac6f16cc66)] -> class name: swordselect-list-item], [[ChromeDriver: chrome on XP (019fa8df6888836938fa42ac6f16cc66)] -> class name: swordselect-list-item], [[ChromeDriver: chrome on XP (019fa8df6888836938fa42ac6f16cc66)] -> class name: swordselect-list-item], [[ChromeDriver: chrome on XP (019fa8df6888836938fa42ac6f16cc66)] -> class name: swordselect-list-item], [[ChromeDriver: chrome on XP (019fa8df6888836938fa42ac6f16cc66)] -> class name: swordselect-list-item], [[ChromeDriver: chrome on XP (019fa8df6888836938fa42ac6f16cc66)] -> class name: swordselect-list-item], [[ChromeDriver: chrome on XP (019fa8df6888836938fa42ac6f16cc66)] -> class name: swordselect-list-item], [[ChromeDriver: chrome on XP (019fa8df6888836938fa42ac6f16cc66)] -> class name: swordselect-list-item], [[ChromeDriver: chrome on XP (019fa8df6888836938fa42ac6f16cc66)] -> class name: swordselect-list-item], [[ChromeDriver: chrome on XP (019fa8df6888836938fa42ac6f16cc66)] -> class name: swordselect-list-item], [[ChromeDriver: chrome on XP (019fa8df6888836938fa42ac6f16cc66)] -> class name: swordselect-list-item], [[ChromeDriver: chrome on XP (019fa8df6888836938fa42ac6f16cc66)] -> class name: swordselect-list-item], [[ChromeDriver: chrome on XP (019fa8df6888836938fa42ac6f16cc66)] -> class name: swordselect-list-item]]
[INFO] 2020-03-31 16:40:58 method: base.BaseTester.getElements(BaseTester.java:256)----得到的列表是：[[[ChromeDriver: chrome on XP (019fa8df6888836938fa42ac6f16cc66)] -> css selector: input[name='caseywlb']], [[ChromeDriver: chrome on XP (019fa8df6888836938fa42ac6f16cc66)] -> css selector: input[name='caseywlb']], [[ChromeDriver: chrome on XP (019fa8df6888836938fa42ac6f16cc66)] -> css selector: input[name='caseywlb']], [[ChromeDriver: chrome on XP (019fa8df6888836938fa42ac6f16cc66)] -> css selector: input[name='caseywlb']], [[ChromeDriver: chrome on XP (019fa8df6888836938fa42ac6f16cc66)] -> css selector: input[name='caseywlb']], [[ChromeDriver: chrome on XP (019fa8df6888836938fa42ac6f16cc66)] -> css selector: input[name='caseywlb']], [[ChromeDriver: chrome on XP (019fa8df6888836938fa42ac6f16cc66)] -> css selector: input[name='caseywlb']], [[ChromeDriver: chrome on XP (019fa8df6888836938fa42ac6f16cc66)] -> css selector: input[name='caseywlb']], [[ChromeDriver: chrome on XP (019fa8df6888836938fa42ac6f16cc66)] -> css selector: input[name='caseywlb']], [[ChromeDriver: chrome on XP (019fa8df6888836938fa42ac6f16cc66)] -> css selector: input[name='caseywlb']]]
[INFO] 2020-03-31 16:40:58 method: base.BaseTester.getElements(BaseTester.java:256)----得到的列表是：[[[ChromeDriver: chrome on XP (019fa8df6888836938fa42ac6f16cc66)] -> class name: swordselect-list-item], [[ChromeDriver: chrome on XP (019fa8df6888836938fa42ac6f16cc66)] -> class name: swordselect-list-item], [[ChromeDriver: chrome on XP (019fa8df6888836938fa42ac6f16cc66)] -> class name: swordselect-list-item], [[ChromeDriver: chrome on XP (019fa8df6888836938fa42ac6f16cc66)] -> class name: swordselect-list-item], [[ChromeDriver: chrome on XP (019fa8df6888836938fa42ac6f16cc66)] -> class name: swordselect-list-item], [[ChromeDriver: chrome on XP (019fa8df6888836938fa42ac6f16cc66)] -> class name: swordselect-list-item], [[ChromeDriver: chrome on XP (019fa8df6888836938fa42ac6f16cc66)] -> class name: swordselect-list-item]]
[INFO] 2020-03-31 16:40:59 method: base.BaseTester.getElements(BaseTester.java:256)----得到的列表是：[[[ChromeDriver: chrome on XP (019fa8df6888836938fa42ac6f16cc66)] -> class name: swordselect-list-item], [[ChromeDriver: chrome on XP (019fa8df6888836938fa42ac6f16cc66)] -> class name: swordselect-list-item], [[ChromeDriver: chrome on XP (019fa8df6888836938fa42ac6f16cc66)] -> class name: swordselect-list-item], [[ChromeDriver: chrome on XP (019fa8df6888836938fa42ac6f16cc66)] -> class name: swordselect-list-item], [[ChromeDriver: chrome on XP (019fa8df6888836938fa42ac6f16cc66)] -> class name: swordselect-list-item], [[ChromeDriver: chrome on XP (019fa8df6888836938fa42ac6f16cc66)] -> class name: swordselect-list-item], [[ChromeDriver: chrome on XP (019fa8df6888836938fa42ac6f16cc66)] -> class name: swordselect-list-item], [[ChromeDriver: chrome on XP (019fa8df6888836938fa42ac6f16cc66)] -> class name: swordselect-list-item], [[ChromeDriver: chrome on XP (019fa8df6888836938fa42ac6f16cc66)] -> class name: swordselect-list-item]]
[INFO] 2020-03-31 16:41:03 method: base.BaseTester.getElements(BaseTester.java:256)----得到的列表是：[[[ChromeDriver: chrome on XP (019fa8df6888836938fa42ac6f16cc66)] -> css selector: input[name='nsrpjdj']], [[ChromeDriver: chrome on XP (019fa8df6888836938fa42ac6f16cc66)] -> css selector: input[name='nsrpjdj']], [[ChromeDriver: chrome on XP (019fa8df6888836938fa42ac6f16cc66)] -> css selector: input[name='nsrpjdj']]]
[INFO] 2020-03-31 16:41:03 method: base.BaseTester.getElements(BaseTester.java:256)----得到的列表是：[[[ChromeDriver: chrome on XP (019fa8df6888836938fa42ac6f16cc66)] -> class name: swordselect-list-item], [[ChromeDriver: chrome on XP (019fa8df6888836938fa42ac6f16cc66)] -> class name: swordselect-list-item], [[ChromeDriver: chrome on XP (019fa8df6888836938fa42ac6f16cc66)] -> class name: swordselect-list-item], [[ChromeDriver: chrome on XP (019fa8df6888836938fa42ac6f16cc66)] -> class name: swordselect-list-item], [[ChromeDriver: chrome on XP (019fa8df6888836938fa42ac6f16cc66)] -> class name: swordselect-list-item], [[ChromeDriver: chrome on XP (019fa8df6888836938fa42ac6f16cc66)] -> class name: swordselect-list-item], [[ChromeDriver: chrome on XP (019fa8df6888836938fa42ac6f16cc66)] -> class name: swordselect-list-item]]
[INFO] 2020-03-31 16:41:04 method: base.BaseTester.clear(BaseTester.java:171)----开始清空操作
[INFO] 2020-03-31 16:41:05 method: base.BaseTester.getElements(BaseTester.java:256)----得到的列表是：[[[ChromeDriver: chrome on XP (019fa8df6888836938fa42ac6f16cc66)] -> class name: swordselect-list-item], [[ChromeDriver: chrome on XP (019fa8df6888836938fa42ac6f16cc66)] -> class name: swordselect-list-item], [[ChromeDriver: chrome on XP (019fa8df6888836938fa42ac6f16cc66)] -> class name: swordselect-list-item]]
]]></system-out>
  </testcase>
  <testcase name="ywsl_xcsl_save_tsSave_failure_test_case" classname="testcase.ywsl.xcsl.save.tsSave.TsSaveTester" time="23.523">
    <failure message="Timed out after 5 seconds waiting for base.BaseTester$4@dfb31d&#10;Build info: version: &apos;2.53.1&apos;, revision: &apos;a36b8b1cd5757287168e54b817830adce9b0158d&apos;, time: &apos;2016-06-30 19:26:09&apos;&#10;System info: host: &apos;PC201703061101&apos;, ip: &apos;192.168.8.75&apos;, os.name: &apos;Windows 7&apos;, os.arch: &apos;x86&apos;, os.version: &apos;6.1&apos;, java.version: &apos;1.8.0_181&apos;&#10;Driver info: org.openqa.selenium.chrome.ChromeDriver&#10;Capabilities [{mobileEmulationEnabled=false, timeouts={implicit=0, pageLoad=300000, script=30000}, hasTouchScreen=false, platform=XP, acceptSslCerts=false, goog:chromeOptions={debuggerAddress=localhost:28666}, acceptInsecureCerts=false, webStorageEnabled=true, browserName=chrome, takesScreenshot=true, javascriptEnabled=true, setWindowRect=true, unexpectedAlertBehaviour=ignore, applicationCacheEnabled=false, rotatable=false, networkConnectionEnabled=false, chrome={chromedriverVersion=79.0.3945.36 (3582db32b33893869b8c1339e8f4d9ed1816f143-refs/branch-heads/3945@{#614}), userDataDir=C:\Users\ADMINI~1\AppData\Local\Temp\scoped_dir12272_722766244}, takesHeapSnapshot=true, pageLoadStrategy=normal, strictFileInteractability=false, databaseEnabled=false, handlesAlerts=true, version=79.0.3945.117, browserConnectionEnabled=false, proxy={}, nativeEvents=true, locationContextEnabled=true, cssSelectorsEnabled=true}]&#10;Session ID: 019fa8df6888836938fa42ac6f16cc66" type="org.openqa.selenium.TimeoutException">org.openqa.selenium.TimeoutException: 
Timed out after 5 seconds waiting for base.BaseTester$4@dfb31d
Build info: version: '2.53.1', revision: 'a36b8b1cd5757287168e54b817830adce9b0158d', time: '2016-06-30 19:26:09'
System info: host: 'PC201703061101', ip: '192.168.8.75', os.name: 'Windows 7', os.arch: 'x86', os.version: '6.1', java.version: '1.8.0_181'
Driver info: org.openqa.selenium.chrome.ChromeDriver
Capabilities [{mobileEmulationEnabled=false, timeouts={implicit=0, pageLoad=300000, script=30000}, hasTouchScreen=false, platform=XP, acceptSslCerts=false, goog:chromeOptions={debuggerAddress=localhost:28666}, acceptInsecureCerts=false, webStorageEnabled=true, browserName=chrome, takesScreenshot=true, javascriptEnabled=true, setWindowRect=true, unexpectedAlertBehaviour=ignore, applicationCacheEnabled=false, rotatable=false, networkConnectionEnabled=false, chrome={chromedriverVersion=79.0.3945.36 (3582db32b33893869b8c1339e8f4d9ed1816f143-refs/branch-heads/3945@{#614}), userDataDir=C:\Users\ADMINI~1\AppData\Local\Temp\scoped_dir12272_722766244}, takesHeapSnapshot=true, pageLoadStrategy=normal, strictFileInteractability=false, databaseEnabled=false, handlesAlerts=true, version=79.0.3945.117, browserConnectionEnabled=false, proxy={}, nativeEvents=true, locationContextEnabled=true, cssSelectorsEnabled=true}]
Session ID: 019fa8df6888836938fa42ac6f16cc66
	at testcase.ywsl.xcsl.save.tsSave.TsSaveTester.ywsl_xcsl_save_tsSave_failure_test_case(TsSaveTester.java:143)
</failure>
    <system-out><![CDATA[[INFO] 2020-03-31 16:41:11 method: base.BaseTester.switchToHandle(BaseTester.java:356)----句柄列表：[CDwindow-51EF89F8032CCAC51475ACEE71C0CB7F]
[INFO] 2020-03-31 16:41:14 method: base.BaseTester.switchToHandle(BaseTester.java:356)----句柄列表：[CDwindow-51EF89F8032CCAC51475ACEE71C0CB7F, CDwindow-EF0DA97DC35BF971359F743F29A54C0E]
[INFO] 2020-03-31 16:41:18 method: base.BaseTester.getElements(BaseTester.java:256)----得到的列表是：[[[ChromeDriver: chrome on XP (019fa8df6888836938fa42ac6f16cc66)] -> css selector: input[name='caseywdwlx']], [[ChromeDriver: chrome on XP (019fa8df6888836938fa42ac6f16cc66)] -> css selector: input[name='caseywdwlx']], [[ChromeDriver: chrome on XP (019fa8df6888836938fa42ac6f16cc66)] -> css selector: input[name='caseywdwlx']], [[ChromeDriver: chrome on XP (019fa8df6888836938fa42ac6f16cc66)] -> css selector: input[name='caseywdwlx']]]
[INFO] 2020-03-31 16:41:19 method: base.BaseTester.getElements(BaseTester.java:256)----得到的列表是：[[[ChromeDriver: chrome on XP (019fa8df6888836938fa42ac6f16cc66)] -> class name: swordselect-list-item], [[ChromeDriver: chrome on XP (019fa8df6888836938fa42ac6f16cc66)] -> class name: swordselect-list-item], [[ChromeDriver: chrome on XP (019fa8df6888836938fa42ac6f16cc66)] -> class name: swordselect-list-item], [[ChromeDriver: chrome on XP (019fa8df6888836938fa42ac6f16cc66)] -> class name: swordselect-list-item], [[ChromeDriver: chrome on XP (019fa8df6888836938fa42ac6f16cc66)] -> class name: swordselect-list-item], [[ChromeDriver: chrome on XP (019fa8df6888836938fa42ac6f16cc66)] -> class name: swordselect-list-item], [[ChromeDriver: chrome on XP (019fa8df6888836938fa42ac6f16cc66)] -> class name: swordselect-list-item], [[ChromeDriver: chrome on XP (019fa8df6888836938fa42ac6f16cc66)] -> class name: swordselect-list-item], [[ChromeDriver: chrome on XP (019fa8df6888836938fa42ac6f16cc66)] -> class name: swordselect-list-item], [[ChromeDriver: chrome on XP (019fa8df6888836938fa42ac6f16cc66)] -> class name: swordselect-list-item], [[ChromeDriver: chrome on XP (019fa8df6888836938fa42ac6f16cc66)] -> class name: swordselect-list-item], [[ChromeDriver: chrome on XP (019fa8df6888836938fa42ac6f16cc66)] -> class name: swordselect-list-item], [[ChromeDriver: chrome on XP (019fa8df6888836938fa42ac6f16cc66)] -> class name: swordselect-list-item], [[ChromeDriver: chrome on XP (019fa8df6888836938fa42ac6f16cc66)] -> class name: swordselect-list-item], [[ChromeDriver: chrome on XP (019fa8df6888836938fa42ac6f16cc66)] -> class name: swordselect-list-item], [[ChromeDriver: chrome on XP (019fa8df6888836938fa42ac6f16cc66)] -> class name: swordselect-list-item], [[ChromeDriver: chrome on XP (019fa8df6888836938fa42ac6f16cc66)] -> class name: swordselect-list-item], [[ChromeDriver: chrome on XP (019fa8df6888836938fa42ac6f16cc66)] -> class name: swordselect-list-item], [[ChromeDriver: chrome on XP (019fa8df6888836938fa42ac6f16cc66)] -> class name: swordselect-list-item], [[ChromeDriver: chrome on XP (019fa8df6888836938fa42ac6f16cc66)] -> class name: swordselect-list-item], [[ChromeDriver: chrome on XP (019fa8df6888836938fa42ac6f16cc66)] -> class name: swordselect-list-item], [[ChromeDriver: chrome on XP (019fa8df6888836938fa42ac6f16cc66)] -> class name: swordselect-list-item], [[ChromeDriver: chrome on XP (019fa8df6888836938fa42ac6f16cc66)] -> class name: swordselect-list-item], [[ChromeDriver: chrome on XP (019fa8df6888836938fa42ac6f16cc66)] -> class name: swordselect-list-item], [[ChromeDriver: chrome on XP (019fa8df6888836938fa42ac6f16cc66)] -> class name: swordselect-list-item], [[ChromeDriver: chrome on XP (019fa8df6888836938fa42ac6f16cc66)] -> class name: swordselect-list-item], [[ChromeDriver: chrome on XP (019fa8df6888836938fa42ac6f16cc66)] -> class name: swordselect-list-item], [[ChromeDriver: chrome on XP (019fa8df6888836938fa42ac6f16cc66)] -> class name: swordselect-list-item], [[ChromeDriver: chrome on XP (019fa8df6888836938fa42ac6f16cc66)] -> class name: swordselect-list-item], [[ChromeDriver: chrome on XP (019fa8df6888836938fa42ac6f16cc66)] -> class name: swordselect-list-item], [[ChromeDriver: chrome on XP (019fa8df6888836938fa42ac6f16cc66)] -> class name: swordselect-list-item], [[ChromeDriver: chrome on XP (019fa8df6888836938fa42ac6f16cc66)] -> class name: swordselect-list-item], [[ChromeDriver: chrome on XP (019fa8df6888836938fa42ac6f16cc66)] -> class name: swordselect-list-item], [[ChromeDriver: chrome on XP (019fa8df6888836938fa42ac6f16cc66)] -> class name: swordselect-list-item]]
[INFO] 2020-03-31 16:41:21 method: base.BaseTester.getElements(BaseTester.java:256)----得到的列表是：[[[ChromeDriver: chrome on XP (019fa8df6888836938fa42ac6f16cc66)] -> class name: swordselect-list-item], [[ChromeDriver: chrome on XP (019fa8df6888836938fa42ac6f16cc66)] -> class name: swordselect-list-item], [[ChromeDriver: chrome on XP (019fa8df6888836938fa42ac6f16cc66)] -> class name: swordselect-list-item], [[ChromeDriver: chrome on XP (019fa8df6888836938fa42ac6f16cc66)] -> class name: swordselect-list-item]]
[INFO] 2020-03-31 16:41:21 method: base.BaseTester.getElements(BaseTester.java:256)----得到的列表是：[[[ChromeDriver: chrome on XP (019fa8df6888836938fa42ac6f16cc66)] -> class name: swordselect-list-item], [[ChromeDriver: chrome on XP (019fa8df6888836938fa42ac6f16cc66)] -> class name: swordselect-list-item], [[ChromeDriver: chrome on XP (019fa8df6888836938fa42ac6f16cc66)] -> class name: swordselect-list-item], [[ChromeDriver: chrome on XP (019fa8df6888836938fa42ac6f16cc66)] -> class name: swordselect-list-item], [[ChromeDriver: chrome on XP (019fa8df6888836938fa42ac6f16cc66)] -> class name: swordselect-list-item], [[ChromeDriver: chrome on XP (019fa8df6888836938fa42ac6f16cc66)] -> class name: swordselect-list-item], [[ChromeDriver: chrome on XP (019fa8df6888836938fa42ac6f16cc66)] -> class name: swordselect-list-item], [[ChromeDriver: chrome on XP (019fa8df6888836938fa42ac6f16cc66)] -> class name: swordselect-list-item], [[ChromeDriver: chrome on XP (019fa8df6888836938fa42ac6f16cc66)] -> class name: swordselect-list-item], [[ChromeDriver: chrome on XP (019fa8df6888836938fa42ac6f16cc66)] -> class name: swordselect-list-item], [[ChromeDriver: chrome on XP (019fa8df6888836938fa42ac6f16cc66)] -> class name: swordselect-list-item], [[ChromeDriver: chrome on XP (019fa8df6888836938fa42ac6f16cc66)] -> class name: swordselect-list-item], [[ChromeDriver: chrome on XP (019fa8df6888836938fa42ac6f16cc66)] -> class name: swordselect-list-item], [[ChromeDriver: chrome on XP (019fa8df6888836938fa42ac6f16cc66)] -> class name: swordselect-list-item], [[ChromeDriver: chrome on XP (019fa8df6888836938fa42ac6f16cc66)] -> class name: swordselect-list-item], [[ChromeDriver: chrome on XP (019fa8df6888836938fa42ac6f16cc66)] -> class name: swordselect-list-item], [[ChromeDriver: chrome on XP (019fa8df6888836938fa42ac6f16cc66)] -> class name: swordselect-list-item], [[ChromeDriver: chrome on XP (019fa8df6888836938fa42ac6f16cc66)] -> class name: swordselect-list-item], [[ChromeDriver: chrome on XP (019fa8df6888836938fa42ac6f16cc66)] -> class name: swordselect-list-item], [[ChromeDriver: chrome on XP (019fa8df6888836938fa42ac6f16cc66)] -> class name: swordselect-list-item], [[ChromeDriver: chrome on XP (019fa8df6888836938fa42ac6f16cc66)] -> class name: swordselect-list-item], [[ChromeDriver: chrome on XP (019fa8df6888836938fa42ac6f16cc66)] -> class name: swordselect-list-item]]
[INFO] 2020-03-31 16:41:22 method: base.BaseTester.getElements(BaseTester.java:256)----得到的列表是：[[[ChromeDriver: chrome on XP (019fa8df6888836938fa42ac6f16cc66)] -> css selector: input[name='caseywlb']], [[ChromeDriver: chrome on XP (019fa8df6888836938fa42ac6f16cc66)] -> css selector: input[name='caseywlb']], [[ChromeDriver: chrome on XP (019fa8df6888836938fa42ac6f16cc66)] -> css selector: input[name='caseywlb']], [[ChromeDriver: chrome on XP (019fa8df6888836938fa42ac6f16cc66)] -> css selector: input[name='caseywlb']], [[ChromeDriver: chrome on XP (019fa8df6888836938fa42ac6f16cc66)] -> css selector: input[name='caseywlb']], [[ChromeDriver: chrome on XP (019fa8df6888836938fa42ac6f16cc66)] -> css selector: input[name='caseywlb']], [[ChromeDriver: chrome on XP (019fa8df6888836938fa42ac6f16cc66)] -> css selector: input[name='caseywlb']], [[ChromeDriver: chrome on XP (019fa8df6888836938fa42ac6f16cc66)] -> css selector: input[name='caseywlb']], [[ChromeDriver: chrome on XP (019fa8df6888836938fa42ac6f16cc66)] -> css selector: input[name='caseywlb']], [[ChromeDriver: chrome on XP (019fa8df6888836938fa42ac6f16cc66)] -> css selector: input[name='caseywlb']]]
[INFO] 2020-03-31 16:41:23 method: base.BaseTester.getElements(BaseTester.java:256)----得到的列表是：[[[ChromeDriver: chrome on XP (019fa8df6888836938fa42ac6f16cc66)] -> class name: swordselect-list-item], [[ChromeDriver: chrome on XP (019fa8df6888836938fa42ac6f16cc66)] -> class name: swordselect-list-item], [[ChromeDriver: chrome on XP (019fa8df6888836938fa42ac6f16cc66)] -> class name: swordselect-list-item], [[ChromeDriver: chrome on XP (019fa8df6888836938fa42ac6f16cc66)] -> class name: swordselect-list-item], [[ChromeDriver: chrome on XP (019fa8df6888836938fa42ac6f16cc66)] -> class name: swordselect-list-item], [[ChromeDriver: chrome on XP (019fa8df6888836938fa42ac6f16cc66)] -> class name: swordselect-list-item], [[ChromeDriver: chrome on XP (019fa8df6888836938fa42ac6f16cc66)] -> class name: swordselect-list-item]]
[INFO] 2020-03-31 16:41:23 method: base.BaseTester.getElements(BaseTester.java:256)----得到的列表是：[[[ChromeDriver: chrome on XP (019fa8df6888836938fa42ac6f16cc66)] -> class name: swordselect-list-item], [[ChromeDriver: chrome on XP (019fa8df6888836938fa42ac6f16cc66)] -> class name: swordselect-list-item], [[ChromeDriver: chrome on XP (019fa8df6888836938fa42ac6f16cc66)] -> class name: swordselect-list-item], [[ChromeDriver: chrome on XP (019fa8df6888836938fa42ac6f16cc66)] -> class name: swordselect-list-item], [[ChromeDriver: chrome on XP (019fa8df6888836938fa42ac6f16cc66)] -> class name: swordselect-list-item], [[ChromeDriver: chrome on XP (019fa8df6888836938fa42ac6f16cc66)] -> class name: swordselect-list-item], [[ChromeDriver: chrome on XP (019fa8df6888836938fa42ac6f16cc66)] -> class name: swordselect-list-item], [[ChromeDriver: chrome on XP (019fa8df6888836938fa42ac6f16cc66)] -> class name: swordselect-list-item], [[ChromeDriver: chrome on XP (019fa8df6888836938fa42ac6f16cc66)] -> class name: swordselect-list-item]]
[INFO] 2020-03-31 16:41:28 method: base.BaseTester.getElements(BaseTester.java:256)----得到的列表是：[[[ChromeDriver: chrome on XP (019fa8df6888836938fa42ac6f16cc66)] -> css selector: input[name='nsrpjdj']], [[ChromeDriver: chrome on XP (019fa8df6888836938fa42ac6f16cc66)] -> css selector: input[name='nsrpjdj']], [[ChromeDriver: chrome on XP (019fa8df6888836938fa42ac6f16cc66)] -> css selector: input[name='nsrpjdj']]]
[INFO] 2020-03-31 16:41:28 method: base.BaseTester.getElements(BaseTester.java:256)----得到的列表是：[[[ChromeDriver: chrome on XP (019fa8df6888836938fa42ac6f16cc66)] -> class name: swordselect-list-item], [[ChromeDriver: chrome on XP (019fa8df6888836938fa42ac6f16cc66)] -> class name: swordselect-list-item], [[ChromeDriver: chrome on XP (019fa8df6888836938fa42ac6f16cc66)] -> class name: swordselect-list-item], [[ChromeDriver: chrome on XP (019fa8df6888836938fa42ac6f16cc66)] -> class name: swordselect-list-item], [[ChromeDriver: chrome on XP (019fa8df6888836938fa42ac6f16cc66)] -> class name: swordselect-list-item], [[ChromeDriver: chrome on XP (019fa8df6888836938fa42ac6f16cc66)] -> class name: swordselect-list-item], [[ChromeDriver: chrome on XP (019fa8df6888836938fa42ac6f16cc66)] -> class name: swordselect-list-item]]
[INFO] 2020-03-31 16:41:29 method: base.BaseTester.clear(BaseTester.java:171)----开始清空操作
[INFO] 2020-03-31 16:41:29 method: base.BaseTester.getElements(BaseTester.java:256)----得到的列表是：[[[ChromeDriver: chrome on XP (019fa8df6888836938fa42ac6f16cc66)] -> class name: swordselect-list-item], [[ChromeDriver: chrome on XP (019fa8df6888836938fa42ac6f16cc66)] -> class name: swordselect-list-item], [[ChromeDriver: chrome on XP (019fa8df6888836938fa42ac6f16cc66)] -> class name: swordselect-list-item]]
]]></system-out>
  </testcase>
  <testcase name="ywsl_xcsl_save_tsSave_failure_test_case" classname="testcase.ywsl.xcsl.save.tsSave.TsSaveTester" time="20.455">
    <failure message="Timed out after 5 seconds waiting for base.BaseTester$4@27f603&#10;Build info: version: &apos;2.53.1&apos;, revision: &apos;a36b8b1cd5757287168e54b817830adce9b0158d&apos;, time: &apos;2016-06-30 19:26:09&apos;&#10;System info: host: &apos;PC201703061101&apos;, ip: &apos;192.168.8.75&apos;, os.name: &apos;Windows 7&apos;, os.arch: &apos;x86&apos;, os.version: &apos;6.1&apos;, java.version: &apos;1.8.0_181&apos;&#10;Driver info: org.openqa.selenium.chrome.ChromeDriver&#10;Capabilities [{mobileEmulationEnabled=false, timeouts={implicit=0, pageLoad=300000, script=30000}, hasTouchScreen=false, platform=XP, acceptSslCerts=false, goog:chromeOptions={debuggerAddress=localhost:28666}, acceptInsecureCerts=false, webStorageEnabled=true, browserName=chrome, takesScreenshot=true, javascriptEnabled=true, setWindowRect=true, unexpectedAlertBehaviour=ignore, applicationCacheEnabled=false, rotatable=false, networkConnectionEnabled=false, chrome={chromedriverVersion=79.0.3945.36 (3582db32b33893869b8c1339e8f4d9ed1816f143-refs/branch-heads/3945@{#614}), userDataDir=C:\Users\ADMINI~1\AppData\Local\Temp\scoped_dir12272_722766244}, takesHeapSnapshot=true, pageLoadStrategy=normal, strictFileInteractability=false, databaseEnabled=false, handlesAlerts=true, version=79.0.3945.117, browserConnectionEnabled=false, proxy={}, nativeEvents=true, locationContextEnabled=true, cssSelectorsEnabled=true}]&#10;Session ID: 019fa8df6888836938fa42ac6f16cc66" type="org.openqa.selenium.TimeoutException">org.openqa.selenium.TimeoutException: 
Timed out after 5 seconds waiting for base.BaseTester$4@27f603
Build info: version: '2.53.1', revision: 'a36b8b1cd5757287168e54b817830adce9b0158d', time: '2016-06-30 19:26:09'
System info: host: 'PC201703061101', ip: '192.168.8.75', os.name: 'Windows 7', os.arch: 'x86', os.version: '6.1', java.version: '1.8.0_181'
Driver info: org.openqa.selenium.chrome.ChromeDriver
Capabilities [{mobileEmulationEnabled=false, timeouts={implicit=0, pageLoad=300000, script=30000}, hasTouchScreen=false, platform=XP, acceptSslCerts=false, goog:chromeOptions={debuggerAddress=localhost:28666}, acceptInsecureCerts=false, webStorageEnabled=true, browserName=chrome, takesScreenshot=true, javascriptEnabled=true, setWindowRect=true, unexpectedAlertBehaviour=ignore, applicationCacheEnabled=false, rotatable=false, networkConnectionEnabled=false, chrome={chromedriverVersion=79.0.3945.36 (3582db32b33893869b8c1339e8f4d9ed1816f143-refs/branch-heads/3945@{#614}), userDataDir=C:\Users\ADMINI~1\AppData\Local\Temp\scoped_dir12272_722766244}, takesHeapSnapshot=true, pageLoadStrategy=normal, strictFileInteractability=false, databaseEnabled=false, handlesAlerts=true, version=79.0.3945.117, browserConnectionEnabled=false, proxy={}, nativeEvents=true, locationContextEnabled=true, cssSelectorsEnabled=true}]
Session ID: 019fa8df6888836938fa42ac6f16cc66
	at testcase.ywsl.xcsl.save.tsSave.TsSaveTester.ywsl_xcsl_save_tsSave_failure_test_case(TsSaveTester.java:143)
</failure>
    <system-out><![CDATA[[INFO] 2020-03-31 16:41:36 method: base.BaseTester.switchToHandle(BaseTester.java:356)----句柄列表：[CDwindow-51EF89F8032CCAC51475ACEE71C0CB7F]
[INFO] 2020-03-31 16:41:38 method: base.BaseTester.switchToHandle(BaseTester.java:356)----句柄列表：[CDwindow-51EF89F8032CCAC51475ACEE71C0CB7F, CDwindow-A2B0524C8F920CDE8153ADB2512F470F]
[INFO] 2020-03-31 16:41:43 method: base.BaseTester.getElements(BaseTester.java:256)----得到的列表是：[[[ChromeDriver: chrome on XP (019fa8df6888836938fa42ac6f16cc66)] -> css selector: input[name='caseywdwlx']], [[ChromeDriver: chrome on XP (019fa8df6888836938fa42ac6f16cc66)] -> css selector: input[name='caseywdwlx']], [[ChromeDriver: chrome on XP (019fa8df6888836938fa42ac6f16cc66)] -> css selector: input[name='caseywdwlx']], [[ChromeDriver: chrome on XP (019fa8df6888836938fa42ac6f16cc66)] -> css selector: input[name='caseywdwlx']]]
[INFO] 2020-03-31 16:41:44 method: base.BaseTester.getElements(BaseTester.java:256)----得到的列表是：[[[ChromeDriver: chrome on XP (019fa8df6888836938fa42ac6f16cc66)] -> class name: swordselect-list-item], [[ChromeDriver: chrome on XP (019fa8df6888836938fa42ac6f16cc66)] -> class name: swordselect-list-item], [[ChromeDriver: chrome on XP (019fa8df6888836938fa42ac6f16cc66)] -> class name: swordselect-list-item], [[ChromeDriver: chrome on XP (019fa8df6888836938fa42ac6f16cc66)] -> class name: swordselect-list-item], [[ChromeDriver: chrome on XP (019fa8df6888836938fa42ac6f16cc66)] -> class name: swordselect-list-item], [[ChromeDriver: chrome on XP (019fa8df6888836938fa42ac6f16cc66)] -> class name: swordselect-list-item], [[ChromeDriver: chrome on XP (019fa8df6888836938fa42ac6f16cc66)] -> class name: swordselect-list-item], [[ChromeDriver: chrome on XP (019fa8df6888836938fa42ac6f16cc66)] -> class name: swordselect-list-item], [[ChromeDriver: chrome on XP (019fa8df6888836938fa42ac6f16cc66)] -> class name: swordselect-list-item], [[ChromeDriver: chrome on XP (019fa8df6888836938fa42ac6f16cc66)] -> class name: swordselect-list-item], [[ChromeDriver: chrome on XP (019fa8df6888836938fa42ac6f16cc66)] -> class name: swordselect-list-item], [[ChromeDriver: chrome on XP (019fa8df6888836938fa42ac6f16cc66)] -> class name: swordselect-list-item], [[ChromeDriver: chrome on XP (019fa8df6888836938fa42ac6f16cc66)] -> class name: swordselect-list-item], [[ChromeDriver: chrome on XP (019fa8df6888836938fa42ac6f16cc66)] -> class name: swordselect-list-item], [[ChromeDriver: chrome on XP (019fa8df6888836938fa42ac6f16cc66)] -> class name: swordselect-list-item], [[ChromeDriver: chrome on XP (019fa8df6888836938fa42ac6f16cc66)] -> class name: swordselect-list-item], [[ChromeDriver: chrome on XP (019fa8df6888836938fa42ac6f16cc66)] -> class name: swordselect-list-item], [[ChromeDriver: chrome on XP (019fa8df6888836938fa42ac6f16cc66)] -> class name: swordselect-list-item], [[ChromeDriver: chrome on XP (019fa8df6888836938fa42ac6f16cc66)] -> class name: swordselect-list-item], [[ChromeDriver: chrome on XP (019fa8df6888836938fa42ac6f16cc66)] -> class name: swordselect-list-item], [[ChromeDriver: chrome on XP (019fa8df6888836938fa42ac6f16cc66)] -> class name: swordselect-list-item], [[ChromeDriver: chrome on XP (019fa8df6888836938fa42ac6f16cc66)] -> class name: swordselect-list-item], [[ChromeDriver: chrome on XP (019fa8df6888836938fa42ac6f16cc66)] -> class name: swordselect-list-item], [[ChromeDriver: chrome on XP (019fa8df6888836938fa42ac6f16cc66)] -> class name: swordselect-list-item], [[ChromeDriver: chrome on XP (019fa8df6888836938fa42ac6f16cc66)] -> class name: swordselect-list-item], [[ChromeDriver: chrome on XP (019fa8df6888836938fa42ac6f16cc66)] -> class name: swordselect-list-item], [[ChromeDriver: chrome on XP (019fa8df6888836938fa42ac6f16cc66)] -> class name: swordselect-list-item], [[ChromeDriver: chrome on XP (019fa8df6888836938fa42ac6f16cc66)] -> class name: swordselect-list-item], [[ChromeDriver: chrome on XP (019fa8df6888836938fa42ac6f16cc66)] -> class name: swordselect-list-item], [[ChromeDriver: chrome on XP (019fa8df6888836938fa42ac6f16cc66)] -> class name: swordselect-list-item], [[ChromeDriver: chrome on XP (019fa8df6888836938fa42ac6f16cc66)] -> class name: swordselect-list-item], [[ChromeDriver: chrome on XP (019fa8df6888836938fa42ac6f16cc66)] -> class name: swordselect-list-item], [[ChromeDriver: chrome on XP (019fa8df6888836938fa42ac6f16cc66)] -> class name: swordselect-list-item], [[ChromeDriver: chrome on XP (019fa8df6888836938fa42ac6f16cc66)] -> class name: swordselect-list-item]]
[INFO] 2020-03-31 16:41:45 method: base.BaseTester.getElements(BaseTester.java:256)----得到的列表是：[[[ChromeDriver: chrome on XP (019fa8df6888836938fa42ac6f16cc66)] -> class name: swordselect-list-item], [[ChromeDriver: chrome on XP (019fa8df6888836938fa42ac6f16cc66)] -> class name: swordselect-list-item], [[ChromeDriver: chrome on XP (019fa8df6888836938fa42ac6f16cc66)] -> class name: swordselect-list-item], [[ChromeDriver: chrome on XP (019fa8df6888836938fa42ac6f16cc66)] -> class name: swordselect-list-item]]
[INFO] 2020-03-31 16:41:46 method: base.BaseTester.getElements(BaseTester.java:256)----得到的列表是：[[[ChromeDriver: chrome on XP (019fa8df6888836938fa42ac6f16cc66)] -> class name: swordselect-list-item], [[ChromeDriver: chrome on XP (019fa8df6888836938fa42ac6f16cc66)] -> class name: swordselect-list-item], [[ChromeDriver: chrome on XP (019fa8df6888836938fa42ac6f16cc66)] -> class name: swordselect-list-item], [[ChromeDriver: chrome on XP (019fa8df6888836938fa42ac6f16cc66)] -> class name: swordselect-list-item], [[ChromeDriver: chrome on XP (019fa8df6888836938fa42ac6f16cc66)] -> class name: swordselect-list-item], [[ChromeDriver: chrome on XP (019fa8df6888836938fa42ac6f16cc66)] -> class name: swordselect-list-item], [[ChromeDriver: chrome on XP (019fa8df6888836938fa42ac6f16cc66)] -> class name: swordselect-list-item], [[ChromeDriver: chrome on XP (019fa8df6888836938fa42ac6f16cc66)] -> class name: swordselect-list-item], [[ChromeDriver: chrome on XP (019fa8df6888836938fa42ac6f16cc66)] -> class name: swordselect-list-item], [[ChromeDriver: chrome on XP (019fa8df6888836938fa42ac6f16cc66)] -> class name: swordselect-list-item], [[ChromeDriver: chrome on XP (019fa8df6888836938fa42ac6f16cc66)] -> class name: swordselect-list-item], [[ChromeDriver: chrome on XP (019fa8df6888836938fa42ac6f16cc66)] -> class name: swordselect-list-item], [[ChromeDriver: chrome on XP (019fa8df6888836938fa42ac6f16cc66)] -> class name: swordselect-list-item], [[ChromeDriver: chrome on XP (019fa8df6888836938fa42ac6f16cc66)] -> class name: swordselect-list-item], [[ChromeDriver: chrome on XP (019fa8df6888836938fa42ac6f16cc66)] -> class name: swordselect-list-item], [[ChromeDriver: chrome on XP (019fa8df6888836938fa42ac6f16cc66)] -> class name: swordselect-list-item], [[ChromeDriver: chrome on XP (019fa8df6888836938fa42ac6f16cc66)] -> class name: swordselect-list-item], [[ChromeDriver: chrome on XP (019fa8df6888836938fa42ac6f16cc66)] -> class name: swordselect-list-item], [[ChromeDriver: chrome on XP (019fa8df6888836938fa42ac6f16cc66)] -> class name: swordselect-list-item], [[ChromeDriver: chrome on XP (019fa8df6888836938fa42ac6f16cc66)] -> class name: swordselect-list-item], [[ChromeDriver: chrome on XP (019fa8df6888836938fa42ac6f16cc66)] -> class name: swordselect-list-item], [[ChromeDriver: chrome on XP (019fa8df6888836938fa42ac6f16cc66)] -> class name: swordselect-list-item]]
[INFO] 2020-03-31 16:41:47 method: base.BaseTester.getElements(BaseTester.java:256)----得到的列表是：[[[ChromeDriver: chrome on XP (019fa8df6888836938fa42ac6f16cc66)] -> css selector: input[name='caseywlb']], [[ChromeDriver: chrome on XP (019fa8df6888836938fa42ac6f16cc66)] -> css selector: input[name='caseywlb']], [[ChromeDriver: chrome on XP (019fa8df6888836938fa42ac6f16cc66)] -> css selector: input[name='caseywlb']], [[ChromeDriver: chrome on XP (019fa8df6888836938fa42ac6f16cc66)] -> css selector: input[name='caseywlb']], [[ChromeDriver: chrome on XP (019fa8df6888836938fa42ac6f16cc66)] -> css selector: input[name='caseywlb']], [[ChromeDriver: chrome on XP (019fa8df6888836938fa42ac6f16cc66)] -> css selector: input[name='caseywlb']], [[ChromeDriver: chrome on XP (019fa8df6888836938fa42ac6f16cc66)] -> css selector: input[name='caseywlb']], [[ChromeDriver: chrome on XP (019fa8df6888836938fa42ac6f16cc66)] -> css selector: input[name='caseywlb']], [[ChromeDriver: chrome on XP (019fa8df6888836938fa42ac6f16cc66)] -> css selector: input[name='caseywlb']], [[ChromeDriver: chrome on XP (019fa8df6888836938fa42ac6f16cc66)] -> css selector: input[name='caseywlb']]]
[INFO] 2020-03-31 16:41:48 method: base.BaseTester.getElements(BaseTester.java:256)----得到的列表是：[[[ChromeDriver: chrome on XP (019fa8df6888836938fa42ac6f16cc66)] -> class name: swordselect-list-item], [[ChromeDriver: chrome on XP (019fa8df6888836938fa42ac6f16cc66)] -> class name: swordselect-list-item], [[ChromeDriver: chrome on XP (019fa8df6888836938fa42ac6f16cc66)] -> class name: swordselect-list-item], [[ChromeDriver: chrome on XP (019fa8df6888836938fa42ac6f16cc66)] -> class name: swordselect-list-item], [[ChromeDriver: chrome on XP (019fa8df6888836938fa42ac6f16cc66)] -> class name: swordselect-list-item], [[ChromeDriver: chrome on XP (019fa8df6888836938fa42ac6f16cc66)] -> class name: swordselect-list-item], [[ChromeDriver: chrome on XP (019fa8df6888836938fa42ac6f16cc66)] -> class name: swordselect-list-item]]
[INFO] 2020-03-31 16:41:48 method: base.BaseTester.getElements(BaseTester.java:256)----得到的列表是：[[[ChromeDriver: chrome on XP (019fa8df6888836938fa42ac6f16cc66)] -> class name: swordselect-list-item], [[ChromeDriver: chrome on XP (019fa8df6888836938fa42ac6f16cc66)] -> class name: swordselect-list-item], [[ChromeDriver: chrome on XP (019fa8df6888836938fa42ac6f16cc66)] -> class name: swordselect-list-item], [[ChromeDriver: chrome on XP (019fa8df6888836938fa42ac6f16cc66)] -> class name: swordselect-list-item], [[ChromeDriver: chrome on XP (019fa8df6888836938fa42ac6f16cc66)] -> class name: swordselect-list-item], [[ChromeDriver: chrome on XP (019fa8df6888836938fa42ac6f16cc66)] -> class name: swordselect-list-item], [[ChromeDriver: chrome on XP (019fa8df6888836938fa42ac6f16cc66)] -> class name: swordselect-list-item], [[ChromeDriver: chrome on XP (019fa8df6888836938fa42ac6f16cc66)] -> class name: swordselect-list-item], [[ChromeDriver: chrome on XP (019fa8df6888836938fa42ac6f16cc66)] -> class name: swordselect-list-item]]
[INFO] 2020-03-31 16:41:49 method: base.BaseTester.getElements(BaseTester.java:256)----得到的列表是：[[[ChromeDriver: chrome on XP (019fa8df6888836938fa42ac6f16cc66)] -> css selector: input[name='smjb']], [[ChromeDriver: chrome on XP (019fa8df6888836938fa42ac6f16cc66)] -> css selector: input[name='smjb']]]
[INFO] 2020-03-31 16:41:49 method: base.BaseTester.getElements(BaseTester.java:256)----得到的列表是：[[[ChromeDriver: chrome on XP (019fa8df6888836938fa42ac6f16cc66)] -> css selector: input[name='nsrpjdj']], [[ChromeDriver: chrome on XP (019fa8df6888836938fa42ac6f16cc66)] -> css selector: input[name='nsrpjdj']], [[ChromeDriver: chrome on XP (019fa8df6888836938fa42ac6f16cc66)] -> css selector: input[name='nsrpjdj']]]
[INFO] 2020-03-31 16:41:50 method: base.BaseTester.getElements(BaseTester.java:256)----得到的列表是：[[[ChromeDriver: chrome on XP (019fa8df6888836938fa42ac6f16cc66)] -> class name: swordselect-list-item], [[ChromeDriver: chrome on XP (019fa8df6888836938fa42ac6f16cc66)] -> class name: swordselect-list-item], [[ChromeDriver: chrome on XP (019fa8df6888836938fa42ac6f16cc66)] -> class name: swordselect-list-item], [[ChromeDriver: chrome on XP (019fa8df6888836938fa42ac6f16cc66)] -> class name: swordselect-list-item], [[ChromeDriver: chrome on XP (019fa8df6888836938fa42ac6f16cc66)] -> class name: swordselect-list-item], [[ChromeDriver: chrome on XP (019fa8df6888836938fa42ac6f16cc66)] -> class name: swordselect-list-item], [[ChromeDriver: chrome on XP (019fa8df6888836938fa42ac6f16cc66)] -> class name: swordselect-list-item]]
[INFO] 2020-03-31 16:41:50 method: base.BaseTester.clear(BaseTester.java:171)----开始清空操作
[INFO] 2020-03-31 16:41:51 method: base.BaseTester.getElements(BaseTester.java:256)----得到的列表是：[[[ChromeDriver: chrome on XP (019fa8df6888836938fa42ac6f16cc66)] -> class name: swordselect-list-item], [[ChromeDriver: chrome on XP (019fa8df6888836938fa42ac6f16cc66)] -> class name: swordselect-list-item], [[ChromeDriver: chrome on XP (019fa8df6888836938fa42ac6f16cc66)] -> class name: swordselect-list-item]]
]]></system-out>
  </testcase>
  <testcase name="ywsl_xcsl_save_tsSave_failure_test_case" classname="testcase.ywsl.xcsl.save.tsSave.TsSaveTester" time="15.776"/>
  <testcase name="ywsl_xcsl_save_tsSave_failure_test_case" classname="testcase.ywsl.xcsl.save.tsSave.TsSaveTester" time="21.757">
    <failure message="Timed out after 5 seconds waiting for base.BaseTester$4@13eed88&#10;Build info: version: &apos;2.53.1&apos;, revision: &apos;a36b8b1cd5757287168e54b817830adce9b0158d&apos;, time: &apos;2016-06-30 19:26:09&apos;&#10;System info: host: &apos;PC201703061101&apos;, ip: &apos;192.168.8.75&apos;, os.name: &apos;Windows 7&apos;, os.arch: &apos;x86&apos;, os.version: &apos;6.1&apos;, java.version: &apos;1.8.0_181&apos;&#10;Driver info: org.openqa.selenium.chrome.ChromeDriver&#10;Capabilities [{mobileEmulationEnabled=false, timeouts={implicit=0, pageLoad=300000, script=30000}, hasTouchScreen=false, platform=XP, acceptSslCerts=false, goog:chromeOptions={debuggerAddress=localhost:28666}, acceptInsecureCerts=false, webStorageEnabled=true, browserName=chrome, takesScreenshot=true, javascriptEnabled=true, setWindowRect=true, unexpectedAlertBehaviour=ignore, applicationCacheEnabled=false, rotatable=false, networkConnectionEnabled=false, chrome={chromedriverVersion=79.0.3945.36 (3582db32b33893869b8c1339e8f4d9ed1816f143-refs/branch-heads/3945@{#614}), userDataDir=C:\Users\ADMINI~1\AppData\Local\Temp\scoped_dir12272_722766244}, takesHeapSnapshot=true, pageLoadStrategy=normal, strictFileInteractability=false, databaseEnabled=false, handlesAlerts=true, version=79.0.3945.117, browserConnectionEnabled=false, proxy={}, nativeEvents=true, locationContextEnabled=true, cssSelectorsEnabled=true}]&#10;Session ID: 019fa8df6888836938fa42ac6f16cc66" type="org.openqa.selenium.TimeoutException">org.openqa.selenium.TimeoutException: 
Timed out after 5 seconds waiting for base.BaseTester$4@13eed88
Build info: version: '2.53.1', revision: 'a36b8b1cd5757287168e54b817830adce9b0158d', time: '2016-06-30 19:26:09'
System info: host: 'PC201703061101', ip: '192.168.8.75', os.name: 'Windows 7', os.arch: 'x86', os.version: '6.1', java.version: '1.8.0_181'
Driver info: org.openqa.selenium.chrome.ChromeDriver
Capabilities [{mobileEmulationEnabled=false, timeouts={implicit=0, pageLoad=300000, script=30000}, hasTouchScreen=false, platform=XP, acceptSslCerts=false, goog:chromeOptions={debuggerAddress=localhost:28666}, acceptInsecureCerts=false, webStorageEnabled=true, browserName=chrome, takesScreenshot=true, javascriptEnabled=true, setWindowRect=true, unexpectedAlertBehaviour=ignore, applicationCacheEnabled=false, rotatable=false, networkConnectionEnabled=false, chrome={chromedriverVersion=79.0.3945.36 (3582db32b33893869b8c1339e8f4d9ed1816f143-refs/branch-heads/3945@{#614}), userDataDir=C:\Users\ADMINI~1\AppData\Local\Temp\scoped_dir12272_722766244}, takesHeapSnapshot=true, pageLoadStrategy=normal, strictFileInteractability=false, databaseEnabled=false, handlesAlerts=true, version=79.0.3945.117, browserConnectionEnabled=false, proxy={}, nativeEvents=true, locationContextEnabled=true, cssSelectorsEnabled=true}]
Session ID: 019fa8df6888836938fa42ac6f16cc66
	at testcase.ywsl.xcsl.save.tsSave.TsSaveTester.ywsl_xcsl_save_tsSave_failure_test_case(TsSaveTester.java:143)
</failure>
    <system-out><![CDATA[[INFO] 2020-03-31 16:42:14 method: base.BaseTester.switchToHandle(BaseTester.java:356)----句柄列表：[CDwindow-51EF89F8032CCAC51475ACEE71C0CB7F]
[INFO] 2020-03-31 16:42:17 method: base.BaseTester.switchToHandle(BaseTester.java:356)----句柄列表：[CDwindow-51EF89F8032CCAC51475ACEE71C0CB7F, CDwindow-62EBA60F8653C28A34FE3BE4165AB0D2]
[INFO] 2020-03-31 16:42:23 method: base.BaseTester.getElements(BaseTester.java:256)----得到的列表是：[[[ChromeDriver: chrome on XP (019fa8df6888836938fa42ac6f16cc66)] -> css selector: input[name='caseywdwlx']], [[ChromeDriver: chrome on XP (019fa8df6888836938fa42ac6f16cc66)] -> css selector: input[name='caseywdwlx']], [[ChromeDriver: chrome on XP (019fa8df6888836938fa42ac6f16cc66)] -> css selector: input[name='caseywdwlx']], [[ChromeDriver: chrome on XP (019fa8df6888836938fa42ac6f16cc66)] -> css selector: input[name='caseywdwlx']]]
[INFO] 2020-03-31 16:42:24 method: base.BaseTester.getElements(BaseTester.java:256)----得到的列表是：[[[ChromeDriver: chrome on XP (019fa8df6888836938fa42ac6f16cc66)] -> class name: swordselect-list-item], [[ChromeDriver: chrome on XP (019fa8df6888836938fa42ac6f16cc66)] -> class name: swordselect-list-item], [[ChromeDriver: chrome on XP (019fa8df6888836938fa42ac6f16cc66)] -> class name: swordselect-list-item], [[ChromeDriver: chrome on XP (019fa8df6888836938fa42ac6f16cc66)] -> class name: swordselect-list-item], [[ChromeDriver: chrome on XP (019fa8df6888836938fa42ac6f16cc66)] -> class name: swordselect-list-item], [[ChromeDriver: chrome on XP (019fa8df6888836938fa42ac6f16cc66)] -> class name: swordselect-list-item], [[ChromeDriver: chrome on XP (019fa8df6888836938fa42ac6f16cc66)] -> class name: swordselect-list-item], [[ChromeDriver: chrome on XP (019fa8df6888836938fa42ac6f16cc66)] -> class name: swordselect-list-item], [[ChromeDriver: chrome on XP (019fa8df6888836938fa42ac6f16cc66)] -> class name: swordselect-list-item], [[ChromeDriver: chrome on XP (019fa8df6888836938fa42ac6f16cc66)] -> class name: swordselect-list-item], [[ChromeDriver: chrome on XP (019fa8df6888836938fa42ac6f16cc66)] -> class name: swordselect-list-item], [[ChromeDriver: chrome on XP (019fa8df6888836938fa42ac6f16cc66)] -> class name: swordselect-list-item], [[ChromeDriver: chrome on XP (019fa8df6888836938fa42ac6f16cc66)] -> class name: swordselect-list-item], [[ChromeDriver: chrome on XP (019fa8df6888836938fa42ac6f16cc66)] -> class name: swordselect-list-item], [[ChromeDriver: chrome on XP (019fa8df6888836938fa42ac6f16cc66)] -> class name: swordselect-list-item], [[ChromeDriver: chrome on XP (019fa8df6888836938fa42ac6f16cc66)] -> class name: swordselect-list-item], [[ChromeDriver: chrome on XP (019fa8df6888836938fa42ac6f16cc66)] -> class name: swordselect-list-item], [[ChromeDriver: chrome on XP (019fa8df6888836938fa42ac6f16cc66)] -> class name: swordselect-list-item], [[ChromeDriver: chrome on XP (019fa8df6888836938fa42ac6f16cc66)] -> class name: swordselect-list-item], [[ChromeDriver: chrome on XP (019fa8df6888836938fa42ac6f16cc66)] -> class name: swordselect-list-item], [[ChromeDriver: chrome on XP (019fa8df6888836938fa42ac6f16cc66)] -> class name: swordselect-list-item], [[ChromeDriver: chrome on XP (019fa8df6888836938fa42ac6f16cc66)] -> class name: swordselect-list-item], [[ChromeDriver: chrome on XP (019fa8df6888836938fa42ac6f16cc66)] -> class name: swordselect-list-item], [[ChromeDriver: chrome on XP (019fa8df6888836938fa42ac6f16cc66)] -> class name: swordselect-list-item], [[ChromeDriver: chrome on XP (019fa8df6888836938fa42ac6f16cc66)] -> class name: swordselect-list-item], [[ChromeDriver: chrome on XP (019fa8df6888836938fa42ac6f16cc66)] -> class name: swordselect-list-item], [[ChromeDriver: chrome on XP (019fa8df6888836938fa42ac6f16cc66)] -> class name: swordselect-list-item], [[ChromeDriver: chrome on XP (019fa8df6888836938fa42ac6f16cc66)] -> class name: swordselect-list-item], [[ChromeDriver: chrome on XP (019fa8df6888836938fa42ac6f16cc66)] -> class name: swordselect-list-item], [[ChromeDriver: chrome on XP (019fa8df6888836938fa42ac6f16cc66)] -> class name: swordselect-list-item], [[ChromeDriver: chrome on XP (019fa8df6888836938fa42ac6f16cc66)] -> class name: swordselect-list-item], [[ChromeDriver: chrome on XP (019fa8df6888836938fa42ac6f16cc66)] -> class name: swordselect-list-item], [[ChromeDriver: chrome on XP (019fa8df6888836938fa42ac6f16cc66)] -> class name: swordselect-list-item], [[ChromeDriver: chrome on XP (019fa8df6888836938fa42ac6f16cc66)] -> class name: swordselect-list-item]]
[INFO] 2020-03-31 16:42:25 method: base.BaseTester.getElements(BaseTester.java:256)----得到的列表是：[[[ChromeDriver: chrome on XP (019fa8df6888836938fa42ac6f16cc66)] -> class name: swordselect-list-item], [[ChromeDriver: chrome on XP (019fa8df6888836938fa42ac6f16cc66)] -> class name: swordselect-list-item], [[ChromeDriver: chrome on XP (019fa8df6888836938fa42ac6f16cc66)] -> class name: swordselect-list-item], [[ChromeDriver: chrome on XP (019fa8df6888836938fa42ac6f16cc66)] -> class name: swordselect-list-item]]
[INFO] 2020-03-31 16:42:26 method: base.BaseTester.getElements(BaseTester.java:256)----得到的列表是：[[[ChromeDriver: chrome on XP (019fa8df6888836938fa42ac6f16cc66)] -> class name: swordselect-list-item], [[ChromeDriver: chrome on XP (019fa8df6888836938fa42ac6f16cc66)] -> class name: swordselect-list-item], [[ChromeDriver: chrome on XP (019fa8df6888836938fa42ac6f16cc66)] -> class name: swordselect-list-item], [[ChromeDriver: chrome on XP (019fa8df6888836938fa42ac6f16cc66)] -> class name: swordselect-list-item], [[ChromeDriver: chrome on XP (019fa8df6888836938fa42ac6f16cc66)] -> class name: swordselect-list-item], [[ChromeDriver: chrome on XP (019fa8df6888836938fa42ac6f16cc66)] -> class name: swordselect-list-item], [[ChromeDriver: chrome on XP (019fa8df6888836938fa42ac6f16cc66)] -> class name: swordselect-list-item], [[ChromeDriver: chrome on XP (019fa8df6888836938fa42ac6f16cc66)] -> class name: swordselect-list-item], [[ChromeDriver: chrome on XP (019fa8df6888836938fa42ac6f16cc66)] -> class name: swordselect-list-item], [[ChromeDriver: chrome on XP (019fa8df6888836938fa42ac6f16cc66)] -> class name: swordselect-list-item], [[ChromeDriver: chrome on XP (019fa8df6888836938fa42ac6f16cc66)] -> class name: swordselect-list-item], [[ChromeDriver: chrome on XP (019fa8df6888836938fa42ac6f16cc66)] -> class name: swordselect-list-item], [[ChromeDriver: chrome on XP (019fa8df6888836938fa42ac6f16cc66)] -> class name: swordselect-list-item], [[ChromeDriver: chrome on XP (019fa8df6888836938fa42ac6f16cc66)] -> class name: swordselect-list-item], [[ChromeDriver: chrome on XP (019fa8df6888836938fa42ac6f16cc66)] -> class name: swordselect-list-item], [[ChromeDriver: chrome on XP (019fa8df6888836938fa42ac6f16cc66)] -> class name: swordselect-list-item], [[ChromeDriver: chrome on XP (019fa8df6888836938fa42ac6f16cc66)] -> class name: swordselect-list-item], [[ChromeDriver: chrome on XP (019fa8df6888836938fa42ac6f16cc66)] -> class name: swordselect-list-item], [[ChromeDriver: chrome on XP (019fa8df6888836938fa42ac6f16cc66)] -> class name: swordselect-list-item], [[ChromeDriver: chrome on XP (019fa8df6888836938fa42ac6f16cc66)] -> class name: swordselect-list-item], [[ChromeDriver: chrome on XP (019fa8df6888836938fa42ac6f16cc66)] -> class name: swordselect-list-item], [[ChromeDriver: chrome on XP (019fa8df6888836938fa42ac6f16cc66)] -> class name: swordselect-list-item]]
[INFO] 2020-03-31 16:42:27 method: base.BaseTester.getElements(BaseTester.java:256)----得到的列表是：[[[ChromeDriver: chrome on XP (019fa8df6888836938fa42ac6f16cc66)] -> css selector: input[name='caseywlb']], [[ChromeDriver: chrome on XP (019fa8df6888836938fa42ac6f16cc66)] -> css selector: input[name='caseywlb']], [[ChromeDriver: chrome on XP (019fa8df6888836938fa42ac6f16cc66)] -> css selector: input[name='caseywlb']], [[ChromeDriver: chrome on XP (019fa8df6888836938fa42ac6f16cc66)] -> css selector: input[name='caseywlb']], [[ChromeDriver: chrome on XP (019fa8df6888836938fa42ac6f16cc66)] -> css selector: input[name='caseywlb']], [[ChromeDriver: chrome on XP (019fa8df6888836938fa42ac6f16cc66)] -> css selector: input[name='caseywlb']], [[ChromeDriver: chrome on XP (019fa8df6888836938fa42ac6f16cc66)] -> css selector: input[name='caseywlb']], [[ChromeDriver: chrome on XP (019fa8df6888836938fa42ac6f16cc66)] -> css selector: input[name='caseywlb']], [[ChromeDriver: chrome on XP (019fa8df6888836938fa42ac6f16cc66)] -> css selector: input[name='caseywlb']], [[ChromeDriver: chrome on XP (019fa8df6888836938fa42ac6f16cc66)] -> css selector: input[name='caseywlb']]]
[INFO] 2020-03-31 16:42:28 method: base.BaseTester.getElements(BaseTester.java:256)----得到的列表是：[[[ChromeDriver: chrome on XP (019fa8df6888836938fa42ac6f16cc66)] -> class name: swordselect-list-item], [[ChromeDriver: chrome on XP (019fa8df6888836938fa42ac6f16cc66)] -> class name: swordselect-list-item], [[ChromeDriver: chrome on XP (019fa8df6888836938fa42ac6f16cc66)] -> class name: swordselect-list-item], [[ChromeDriver: chrome on XP (019fa8df6888836938fa42ac6f16cc66)] -> class name: swordselect-list-item], [[ChromeDriver: chrome on XP (019fa8df6888836938fa42ac6f16cc66)] -> class name: swordselect-list-item], [[ChromeDriver: chrome on XP (019fa8df6888836938fa42ac6f16cc66)] -> class name: swordselect-list-item], [[ChromeDriver: chrome on XP (019fa8df6888836938fa42ac6f16cc66)] -> class name: swordselect-list-item]]
[INFO] 2020-03-31 16:42:28 method: base.BaseTester.getElements(BaseTester.java:256)----得到的列表是：[[[ChromeDriver: chrome on XP (019fa8df6888836938fa42ac6f16cc66)] -> class name: swordselect-list-item], [[ChromeDriver: chrome on XP (019fa8df6888836938fa42ac6f16cc66)] -> class name: swordselect-list-item], [[ChromeDriver: chrome on XP (019fa8df6888836938fa42ac6f16cc66)] -> class name: swordselect-list-item], [[ChromeDriver: chrome on XP (019fa8df6888836938fa42ac6f16cc66)] -> class name: swordselect-list-item], [[ChromeDriver: chrome on XP (019fa8df6888836938fa42ac6f16cc66)] -> class name: swordselect-list-item], [[ChromeDriver: chrome on XP (019fa8df6888836938fa42ac6f16cc66)] -> class name: swordselect-list-item], [[ChromeDriver: chrome on XP (019fa8df6888836938fa42ac6f16cc66)] -> class name: swordselect-list-item], [[ChromeDriver: chrome on XP (019fa8df6888836938fa42ac6f16cc66)] -> class name: swordselect-list-item], [[ChromeDriver: chrome on XP (019fa8df6888836938fa42ac6f16cc66)] -> class name: swordselect-list-item]]
[INFO] 2020-03-31 16:42:29 method: base.BaseTester.getElements(BaseTester.java:256)----得到的列表是：[[[ChromeDriver: chrome on XP (019fa8df6888836938fa42ac6f16cc66)] -> css selector: input[name='smjb']], [[ChromeDriver: chrome on XP (019fa8df6888836938fa42ac6f16cc66)] -> css selector: input[name='smjb']]]
[INFO] 2020-03-31 16:42:29 method: base.BaseTester.getElements(BaseTester.java:256)----得到的列表是：[[[ChromeDriver: chrome on XP (019fa8df6888836938fa42ac6f16cc66)] -> css selector: input[name='nsrpjdj']], [[ChromeDriver: chrome on XP (019fa8df6888836938fa42ac6f16cc66)] -> css selector: input[name='nsrpjdj']], [[ChromeDriver: chrome on XP (019fa8df6888836938fa42ac6f16cc66)] -> css selector: input[name='nsrpjdj']]]
[INFO] 2020-03-31 16:42:30 method: base.BaseTester.getElements(BaseTester.java:256)----得到的列表是：[[[ChromeDriver: chrome on XP (019fa8df6888836938fa42ac6f16cc66)] -> class name: swordselect-list-item], [[ChromeDriver: chrome on XP (019fa8df6888836938fa42ac6f16cc66)] -> class name: swordselect-list-item], [[ChromeDriver: chrome on XP (019fa8df6888836938fa42ac6f16cc66)] -> class name: swordselect-list-item], [[ChromeDriver: chrome on XP (019fa8df6888836938fa42ac6f16cc66)] -> class name: swordselect-list-item], [[ChromeDriver: chrome on XP (019fa8df6888836938fa42ac6f16cc66)] -> class name: swordselect-list-item], [[ChromeDriver: chrome on XP (019fa8df6888836938fa42ac6f16cc66)] -> class name: swordselect-list-item], [[ChromeDriver: chrome on XP (019fa8df6888836938fa42ac6f16cc66)] -> class name: swordselect-list-item]]
[INFO] 2020-03-31 16:42:31 method: base.BaseTester.clear(BaseTester.java:171)----开始清空操作
[INFO] 2020-03-31 16:42:31 method: base.BaseTester.getElements(BaseTester.java:256)----得到的列表是：[[[ChromeDriver: chrome on XP (019fa8df6888836938fa42ac6f16cc66)] -> class name: swordselect-list-item], [[ChromeDriver: chrome on XP (019fa8df6888836938fa42ac6f16cc66)] -> class name: swordselect-list-item], [[ChromeDriver: chrome on XP (019fa8df6888836938fa42ac6f16cc66)] -> class name: swordselect-list-item]]
]]></system-out>
  </testcase>
  <testcase name="ywsl_xcsl_save_tsSave_success_test_case" classname="testcase.ywsl.xcsl.save.tsSave.TsSaveTester" time="19.198"/>
  <testcase name="ywsl_xcsl_save_tsSave_success_test_case" classname="testcase.ywsl.xcsl.save.tsSave.TsSaveTester" time="23.909"/>
  <testcase name="ywsl_xcsl_save_tsSave_success_test_case" classname="testcase.ywsl.xcsl.save.tsSave.TsSaveTester" time="24.03"/>
  <testcase name="ywsl_xcsl_save_tsSave_success_test_case" classname="testcase.ywsl.xcsl.save.tsSave.TsSaveTester" time="15.784"/>
</testsuite>