<?xml version="1.0" encoding="UTF-8"?>
<!-- Generated by org.testng.reporters.JUnitReportReporter -->
<testsuite hostname="PC201703061101" name="testcase.ywcl.dbsx.tscl.bj.TsclBjTester" tests="1" failures="0" timestamp="13 Mar 2020 09:34:57 GMT" time="17.137" errors="0">
  <testcase name="ywcl_dbsx_tscl_bj_success_test_case" time="17.137" classname="testcase.ywcl.dbsx.tscl.bj.TsclBjTester"/>
</testsuite> <!-- testcase.ywcl.dbsx.tscl.bj.TsclBjTester -->
