<?xml version="1.0" encoding="UTF-8"?>
<!-- Generated by org.testng.reporters.JUnitReportReporter -->
<testsuite hostname="PC201703061101" name="testcase.welcome.nextNotice.NextNotice" tests="1" failures="0" timestamp="2 Mar 2020 11:17:19 GMT" time="16.011" errors="0">
  <testcase name="welcome_nextNotice_success_test_case" time="16.011" classname="testcase.welcome.nextNotice.NextNotice"/>
</testsuite> <!-- testcase.welcome.nextNotice.NextNotice -->
