<?xml version="1.0" encoding="UTF-8"?>
<!-- Generated by org.testng.reporters.JUnitReportReporter -->
<testsuite hostname="PC201703061101" name="testcase.ywcl.dbsx.allZsj.AllZsjTester" tests="4" failures="0" timestamp="18 Mar 2020 09:57:23 GMT" time="191.987" errors="0">
  <testcase name="ywcl_dbsx_allZsj_success_test_case" time="38.484" classname="testcase.ywcl.dbsx.allZsj.AllZsjTester"/>
  <testcase name="ywcl_dbsx_allZsj_success_test_case" time="72.832" classname="testcase.ywcl.dbsx.allZsj.AllZsjTester"/>
  <testcase name="ywcl_dbsx_allZsj_success_test_case" time="39.864" classname="testcase.ywcl.dbsx.allZsj.AllZsjTester"/>
  <testcase name="ywcl_dbsx_allZsj_success_test_case" time="40.807" classname="testcase.ywcl.dbsx.allZsj.AllZsjTester"/>
</testsuite> <!-- testcase.ywcl.dbsx.allZsj.AllZsjTester -->
