<?xml version="1.0" encoding="UTF-8"?>
<!-- Generated by org.testng.reporters.JUnitReportReporter -->
<testsuite hostname="PC201703061101" name="testcase.ywcl.dbsx.cyhSelect.CyhSelectTester" tests="1" failures="0" timestamp="14 Mar 2020 13:27:46 GMT" time="23.022" errors="0">
  <testcase name="f" time="23.022" classname="testcase.ywcl.dbsx.cyhSelect.CyhSelectTester"/>
</testsuite> <!-- testcase.ywcl.dbsx.cyhSelect.CyhSelectTester -->
