<?xml version="1.0" encoding="UTF-8"?>
<!-- Generated by org.testng.reporters.JUnitReportReporter -->
<testsuite hostname="PC201703061101" name="testcase.ywsl.xcsl.scfj.XcslScfjTester" tests="1" failures="0" timestamp="17 Mar 2020 10:05:12 GMT" time="35.731" errors="0">
  <testcase name="f" time="35.731" classname="testcase.ywsl.xcsl.scfj.XcslScfjTester"/>
</testsuite> <!-- testcase.ywsl.xcsl.scfj.XcslScfjTester -->
