<?xml version="1.0" encoding="UTF-8"?>
<!-- Generated by org.testng.reporters.JUnitReportReporter -->
<testsuite hostname="PC201703061101" name="testcase.query.ywjlCx.ywlbCx.ywlbCxTester" tests="2" failures="0" timestamp="21 Feb 2020 09:06:59 GMT" time="21.082" errors="0">
  <testcase name="query_ywjlCx_ywlbCx_success_test_case" time="12.462" classname="testcase.query.ywjlCx.ywlbCx.ywlbCxTester"/>
  <testcase name="query_ywjlCx_ywlbCx_success_test_case" time="8.620" classname="testcase.query.ywjlCx.ywlbCx.ywlbCxTester"/>
</testsuite> <!-- testcase.query.ywjlCx.ywlbCx.ywlbCxTester -->
