<?xml version="1.0" encoding="UTF-8"?>
<!-- Generated by org.testng.reporters.JUnitReportReporter -->
<testsuite hostname="PC201703061101" name="testcase.ywcl.dbsx.plqs.PlqsTester" tests="1" failures="0" timestamp="28 Mar 2020 09:38:50 GMT" time="26.412" errors="0">
  <testcase name="ywcl_dbsx_plqs_success_test_case" time="26.412" classname="testcase.ywcl.dbsx.plqs.PlqsTester"/>
</testsuite> <!-- testcase.ywcl.dbsx.plqs.PlqsTester -->
