<?xml version="1.0" encoding="UTF-8"?>
<!-- Generated by org.testng.reporters.JUnitReportReporter -->
<testsuite hostname="PC201703061101" name="testcase.welcome.noticeCollect.NoticeCollectTester" tests="1" failures="0" timestamp="2 Mar 2020 12:29:50 GMT" time="17.298" errors="0">
  <testcase name="welcome_noticeCollect_success_test_case" time="17.298" classname="testcase.welcome.noticeCollect.NoticeCollectTester"/>
</testsuite> <!-- testcase.welcome.noticeCollect.NoticeCollectTester -->
