<?xml version="1.0" encoding="UTF-8"?>
<!-- Generated by org.testng.reporters.JUnitReportReporter -->
<testsuite hostname="PC201703061101" name="testcase.ywcl.dbsx.hsqjZwbxt.HsqjZwbxtTester" tests="1" failures="0" timestamp="16 Mar 2020 07:26:12 GMT" time="59.002" errors="0">
  <testcase name="ywcl_dbsx_hsqjZwbxt_success_test_case" time="59.002" classname="testcase.ywcl.dbsx.hsqjZwbxt.HsqjZwbxtTester"/>
</testsuite> <!-- testcase.ywcl.dbsx.hsqjZwbxt.HsqjZwbxtTester -->
