<?xml version="1.0" encoding="UTF-8"?>
<!-- Generated by org.testng.reporters.JUnitReportReporter -->
<testsuite hostname="PC201703061101" name="testcase.welcome.notice.NoticeTester" tests="1" failures="0" timestamp="2 Mar 2020 10:39:03 GMT" time="12.889" errors="0">
  <testcase name="welcome_notice_success_test_case" time="12.889" classname="testcase.welcome.notice.NoticeTester"/>
</testsuite> <!-- testcase.welcome.notice.NoticeTester -->
