<?xml version="1.0" encoding="UTF-8"?>
<!-- Generated by org.testng.reporters.JUnitReportReporter -->
<testsuite hostname="PC201703061101" name="testcase.xtgl.yhgl.xjyh.save.xjyhSaveTester" tests="1" failures="0" timestamp="8 Mar 2020 15:33:44 GMT" time="19.359" errors="0">
  <testcase name="xtgl_yhgl_xjyh_save_success_test_case" time="19.359" classname="testcase.xtgl.yhgl.xjyh.save.xjyhSaveTester"/>
</testsuite> <!-- testcase.xtgl.yhgl.xjyh.save.xjyhSaveTester -->
