<?xml version="1.0" encoding="UTF-8"?>
<!-- Generated by org.testng.reporters.JUnitReportReporter -->
<testsuite hostname="PC201703061101" name="testcase.login.LoginTester" tests="5" failures="0" timestamp="20 Feb 2020 06:15:38 GMT" time="14.767" errors="0">
  <testcase name="login_failure_test_case" time="5.859" classname="testcase.login.LoginTester"/>
  <testcase name="login_failure_test_case" time="2.653" classname="testcase.login.LoginTester"/>
  <testcase name="login_failure_test_case" time="1.182" classname="testcase.login.LoginTester"/>
  <testcase name="login_success_test_case" time="3.341" classname="testcase.login.LoginTester"/>
  <testcase name="login_failure_test_case" time="1.732" classname="testcase.login.LoginTester"/>
</testsuite> <!-- testcase.login.LoginTester -->
