<?xml version="1.0" encoding="UTF-8"?>
<!-- Generated by org.testng.reporters.JUnitReportReporter -->
<testsuite hostname="PC201703061101" name="testcase.ywcl.dbsx.tscl.hsqjZwbxt.HsqjZwbxtTester" tests="1" failures="0" timestamp="15 Mar 2020 07:45:39 GMT" time="48.028" errors="0">
  <testcase name="f" time="48.028" classname="testcase.ywcl.dbsx.tscl.hsqjZwbxt.HsqjZwbxtTester"/>
</testsuite> <!-- testcase.ywcl.dbsx.tscl.hsqjZwbxt.HsqjZwbxtTester -->
