<?xml version="1.0" encoding="UTF-8"?>
<!-- Generated by org.testng.reporters.JUnitReportReporter -->
<testsuite hostname="PC201703061101" name="testcase.xzs.scjgl.edit.EditTester" tests="1" failures="0" timestamp="2 Mar 2020 13:22:47 GMT" time="13.771" errors="0">
  <testcase name="xzs_scjgl_edit_success_test_case" time="13.771" classname="testcase.xzs.scjgl.edit.EditTester"/>
</testsuite> <!-- testcase.xzs.scjgl.edit.EditTester -->
