<?xml version="1.0" encoding="UTF-8"?>
<!-- Generated by org.testng.reporters.JUnitReportReporter -->
<testsuite hostname="PC201703061101" name="testcase.xtgl.csgl.cssz.cslb.xtcs.sfzdydTester" tests="2" failures="0" timestamp="7 Mar 2020 14:30:36 GMT" time="20.796" errors="0">
  <testcase name="xtgl_csgl_cssz_cslb_xtcs_success_test_case" time="9.724" classname="testcase.xtgl.csgl.cssz.cslb.xtcs.sfzdydTester"/>
  <testcase name="xtgl_csgl_cssz_cslb_xtcs_failure_test_case" time="11.072" classname="testcase.xtgl.csgl.cssz.cslb.xtcs.sfzdydTester"/>
</testsuite> <!-- testcase.xtgl.csgl.cssz.cslb.xtcs.sfzdydTester -->
