<?xml version="1.0" encoding="UTF-8"?>
<!-- Generated by org.testng.reporters.JUnitReportReporter -->
<testsuite hostname="PC201703061101" name="testcase.ywcl.dbsx.tscl.zwbxtNfpt.TsclZwbxtNfptTester" tests="1" failures="0" timestamp="13 Mar 2020 09:06:33 GMT" time="18.785" errors="0">
  <testcase name="ywcl_dbsx_tscl_zwbxtNfpt_success_test_case" time="18.785" classname="testcase.ywcl.dbsx.tscl.zwbxtNfpt.TsclZwbxtNfptTester"/>
</testsuite> <!-- testcase.ywcl.dbsx.tscl.zwbxtNfpt.TsclZwbxtNfptTester -->
