<?xml version="1.0" encoding="UTF-8"?>
<!-- Generated by org.testng.reporters.JUnitReportReporter -->
<testsuite hostname="PC201703061101" name="testcase.ywcl.dbsx.saveExcel.saveExcelTester" tests="1" failures="0" timestamp="26 Feb 2020 07:37:43 GMT" time="13.209" errors="0">
  <testcase name="ywcl_dbsx_saveExcel_success_test_case" time="13.209" classname="testcase.ywcl.dbsx.saveExcel.saveExcelTester"/>
</testsuite> <!-- testcase.ywcl.dbsx.saveExcel.saveExcelTester -->
