<?xml version="1.0" encoding="UTF-8"?>
<!-- Generated by org.testng.reporters.JUnitReportReporter -->
<testsuite hostname="PC201703061101" name="testcase.ywcl.rdwtsb.fileUpload.FileUploadTester" tests="1" failures="0" timestamp="28 Feb 2020 08:49:29 GMT" time="22.732" errors="0">
  <testcase name="ywcl_rdwtsb_fileUpload_success_test_case" time="22.732" classname="testcase.ywcl.rdwtsb.fileUpload.FileUploadTester"/>
</testsuite> <!-- testcase.ywcl.rdwtsb.fileUpload.FileUploadTester -->
