<?xml version="1.0" encoding="UTF-8"?>
<!-- Generated by org.testng.reporters.JUnitReportReporter -->
<testsuite hostname="PC201703061101" name="testcase.ywcl.dbsx.tscl.zexzz.TsclZexzzTester" tests="3" failures="0" timestamp="12 Mar 2020 10:05:08 GMT" time="42.831" errors="0">
  <testcase name="ywcl_dbsx_tscl_zexzz_failure_test_case" time="12.231" classname="testcase.ywcl.dbsx.tscl.zexzz.TsclZexzzTester"/>
  <testcase name="ywcl_dbsx_tscl_zexzz_success_test_case" time="15.465" classname="testcase.ywcl.dbsx.tscl.zexzz.TsclZexzzTester"/>
  <testcase name="ywcl_dbsx_tscl_zexzz_failure_test_case" time="15.135" classname="testcase.ywcl.dbsx.tscl.zexzz.TsclZexzzTester"/>
</testsuite> <!-- testcase.ywcl.dbsx.tscl.zexzz.TsclZexzzTester -->
