<?xml version="1.0" encoding="UTF-8"?>
<!-- Generated by org.testng.reporters.JUnitReportReporter -->
<testsuite hostname="PC201703061101" name="testcase.ywcl.dbsx.handle.HandleTester" tests="1" failures="0" timestamp="24 Feb 2020 10:02:15 GMT" time="11.344" errors="0">
  <testcase name="ywcl_dbsx_handle_success_test_case" time="11.344" classname="testcase.ywcl.dbsx.handle.HandleTester"/>
</testsuite> <!-- testcase.ywcl.dbsx.handle.HandleTester -->
