<?xml version="1.0" encoding="UTF-8"?>
<!-- Generated by org.testng.reporters.JUnitReportReporter -->
<testsuite hostname="PC201703061101" name="testcase.ywsl.xcsl.save.zxSave.ZxSaveTester" tests="9" failures="0" timestamp="27 Mar 2020 09:48:48 GMT" time="329.512" errors="0">
  <testcase name="ywsl_xcsl_save_zxSave_failure_test_case" time="36.124" classname="testcase.ywsl.xcsl.save.zxSave.ZxSaveTester"/>
  <testcase name="ywsl_xcsl_save_zxSave_success_test_case" time="38.633" classname="testcase.ywsl.xcsl.save.zxSave.ZxSaveTester"/>
  <testcase name="ywsl_xcsl_save_zxSave_failure_test_case" time="30.390" classname="testcase.ywsl.xcsl.save.zxSave.ZxSaveTester"/>
  <testcase name="ywsl_xcsl_save_zxSave_failure_test_case" time="35.204" classname="testcase.ywsl.xcsl.save.zxSave.ZxSaveTester"/>
  <testcase name="ywsl_xcsl_save_zxSave_failure_test_case" time="28.261" classname="testcase.ywsl.xcsl.save.zxSave.ZxSaveTester"/>
  <testcase name="ywsl_xcsl_save_zxSave_success_test_case" time="38.570" classname="testcase.ywsl.xcsl.save.zxSave.ZxSaveTester"/>
  <testcase name="ywsl_xcsl_save_zxSave_success_test_case" time="37.775" classname="testcase.ywsl.xcsl.save.zxSave.ZxSaveTester"/>
  <testcase name="ywsl_xcsl_save_zxSave_failure_test_case" time="41.787" classname="testcase.ywsl.xcsl.save.zxSave.ZxSaveTester"/>
  <testcase name="ywsl_xcsl_save_zxSave_success_test_case" time="42.768" classname="testcase.ywsl.xcsl.save.zxSave.ZxSaveTester"/>
</testsuite> <!-- testcase.ywsl.xcsl.save.zxSave.ZxSaveTester -->
