<?xml version="1.0" encoding="UTF-8"?>
<!-- Generated by org.testng.reporters.JUnitReportReporter -->
<testsuite hostname="PC201703061101" name="testcase.ywcl.dbsx.tscl.zywzc.TsclZywzcTester" tests="2" failures="0" timestamp="12 Mar 2020 09:21:15 GMT" time="26.129" errors="0">
  <testcase name="ywcl_dbsx_tscl_zywzc_failure_test_case" time="12.418" classname="testcase.ywcl.dbsx.tscl.zywzc.TsclZywzcTester"/>
  <testcase name="ywcl_dbsx_tscl_zywzc_failure_test_case" time="13.711" classname="testcase.ywcl.dbsx.tscl.zywzc.TsclZywzcTester"/>
</testsuite> <!-- testcase.ywcl.dbsx.tscl.zywzc.TsclZywzcTester -->
