<?xml version="1.0" encoding="UTF-8"?>
<!-- Generated by org.testng.reporters.JUnitReportReporter -->
<testsuite hostname="PC201703061101" name="testcase.ywsl.xcsl.save.zxSave.ZxSaveTester" tests="9" failures="0" timestamp="31 Mar 2020 08:44:17 GMT" time="277.986" errors="0">
  <testcase name="ywsl_xcsl_save_zxSave_failure_test_case" time="30.167" classname="testcase.ywsl.xcsl.save.zxSave.ZxSaveTester"/>
  <testcase name="ywsl_xcsl_save_zxSave_failure_test_case" time="35.873" classname="testcase.ywsl.xcsl.save.zxSave.ZxSaveTester"/>
  <testcase name="ywsl_xcsl_save_zxSave_failure_test_case" time="22.464" classname="testcase.ywsl.xcsl.save.zxSave.ZxSaveTester"/>
  <testcase name="ywsl_xcsl_save_zxSave_failure_test_case" time="23.810" classname="testcase.ywsl.xcsl.save.zxSave.ZxSaveTester"/>
  <testcase name="ywsl_xcsl_save_zxSave_success_test_case" time="30.853" classname="testcase.ywsl.xcsl.save.zxSave.ZxSaveTester"/>
  <testcase name="ywsl_xcsl_save_zxSave_success_test_case" time="32.158" classname="testcase.ywsl.xcsl.save.zxSave.ZxSaveTester"/>
  <testcase name="ywsl_xcsl_save_zxSave_success_test_case" time="33.354" classname="testcase.ywsl.xcsl.save.zxSave.ZxSaveTester"/>
  <testcase name="ywsl_xcsl_save_zxSave_success_test_case" time="39.667" classname="testcase.ywsl.xcsl.save.zxSave.ZxSaveTester"/>
  <testcase name="ywsl_xcsl_save_zxSave_failure_test_case" time="29.640" classname="testcase.ywsl.xcsl.save.zxSave.ZxSaveTester"/>
</testsuite> <!-- testcase.ywsl.xcsl.save.zxSave.ZxSaveTester -->
